This is XeTeX, Version 3.14159265-2.6-0.999992 (TeX Live 2020) (preloaded format=xelatex 2020.7.21)  18 JUN 2021 15:03
entering extended mode
 restricted \write18 enabled.
 file:line:error style messages enabled.
 %&-line parsing enabled.
**svf.tex
(./svf.tex
LaTeX2e <2020-02-02> patch level 5
L3 programming layer <2020-03-06>
(/usr/local/texlive/2020/texmf-dist/tex/latex/koma-script/scrartcl.cls
Document Class: scrartcl 2020/01/24 v3.29 KOMA-Script document class (article)
(/usr/local/texlive/2020/texmf-dist/tex/latex/koma-script/scrkbase.sty
Package: scrkbase 2020/01/24 v3.29 KOMA-Script package (KOMA-Script-dependent b
asics and keyval usage)

(/usr/local/texlive/2020/texmf-dist/tex/latex/koma-script/scrbase.sty
Package: scrbase 2020/01/24 v3.29 KOMA-Script package (KOMA-Script-independent 
basics and keyval usage)

(/usr/local/texlive/2020/texmf-dist/tex/latex/graphics/keyval.sty
Package: keyval 2014/10/28 v1.15 key=value parser (DPC)
\KV@toks@=\toks15
)
(/usr/local/texlive/2020/texmf-dist/tex/latex/koma-script/scrlfile.sty
Package: scrlfile 2020/01/24 v3.29 KOMA-Script package (loading files)
)))
(/usr/local/texlive/2020/texmf-dist/tex/latex/koma-script/tocbasic.sty
Package: tocbasic 2020/01/24 v3.29 KOMA-Script package (handling toc-files)
\scr@dte@tocline@numberwidth=\skip47
\scr@dte@tocline@numbox=\box45
)
Package tocbasic Info: omitting babel extension for `toc'
(tocbasic)             because of feature `nobabel' available
(tocbasic)             for `toc' on input line 137.
Class scrartcl Info: File `scrsize11pt.clo' used instead of
(scrartcl)           file `scrsize11.clo' to setup font sizes on input line 221
2.

(/usr/local/texlive/2020/texmf-dist/tex/latex/koma-script/scrsize11pt.clo
File: scrsize11pt.clo 2020/01/24 v3.29 KOMA-Script font size class option (11pt
)
)
(/usr/local/texlive/2020/texmf-dist/tex/latex/koma-script/typearea.sty
Package: typearea 2020/01/24 v3.29 KOMA-Script package (type area)
\ta@bcor=\skip48
\ta@div=\count163
Package typearea Info: You've used standard option `a4paper'.
(typearea)             This is correct!
(typearea)             Internally I'm using `paper=a4'.
(typearea)             If you'd like to set the option with \KOMAoptions,
(typearea)             you'd have to use `paper=a4' there
(typearea)             instead of `a4paper', too.
\ta@hblk=\skip49
\ta@vblk=\skip50
\ta@temp=\skip51
\footheight=\skip52
Package typearea Info: These are the values describing the layout:
(typearea)             DIV  = 10
(typearea)             BCOR = 0.0pt
(typearea)             \paperwidth      = 597.50793pt
(typearea)              \textwidth      = 418.25555pt
(typearea)              DIV departure   = -6%
(typearea)              \evensidemargin = 17.3562pt
(typearea)              \oddsidemargin  = 17.3562pt
(typearea)             \paperheight     = 845.04694pt
(typearea)              \textheight     = 595.80026pt
(typearea)              \topmargin      = -25.16531pt
(typearea)              \headheight     = 17.0pt
(typearea)              \headsep        = 20.40001pt
(typearea)              \topskip        = 11.0pt
(typearea)              \footskip       = 47.6pt
(typearea)              \baselineskip   = 13.6pt
(typearea)              on input line 1719.
)
\c@part=\count164
\c@section=\count165
\c@subsection=\count166
\c@subsubsection=\count167
\c@paragraph=\count168
\c@subparagraph=\count169
\scr@dte@section@maxnumwidth=\skip53
Class scrartcl Info: using compatibility default `runin=bysign'
(scrartcl)           for `\section on input line 4723.
Class scrartcl Info: using compatibility default `afterindent=bysign'
(scrartcl)           for `\section on input line 4723.
\scr@dte@part@maxnumwidth=\skip54
Class scrartcl Info: using compatibility default `afterindent=false'
(scrartcl)           for `\part on input line 4731.
\scr@dte@subsection@maxnumwidth=\skip55
Class scrartcl Info: using compatibility default `runin=bysign'
(scrartcl)           for `\subsection on input line 4741.
Class scrartcl Info: using compatibility default `afterindent=bysign'
(scrartcl)           for `\subsection on input line 4741.
\scr@dte@subsubsection@maxnumwidth=\skip56
Class scrartcl Info: using compatibility default `runin=bysign'
(scrartcl)           for `\subsubsection on input line 4751.
Class scrartcl Info: using compatibility default `afterindent=bysign'
(scrartcl)           for `\subsubsection on input line 4751.
\scr@dte@paragraph@maxnumwidth=\skip57
Class scrartcl Info: using compatibility default `runin=bysign'
(scrartcl)           for `\paragraph on input line 4761.
Class scrartcl Info: using compatibility default `afterindent=bysign'
(scrartcl)           for `\paragraph on input line 4761.
\scr@dte@subparagraph@maxnumwidth=\skip58
Class scrartcl Info: using compatibility default `runin=bysign'
(scrartcl)           for `\subparagraph on input line 4771.
Class scrartcl Info: using compatibility default `afterindent=bysign'
(scrartcl)           for `\subparagraph on input line 4771.
\abovecaptionskip=\skip59
\belowcaptionskip=\skip60
\c@pti@nb@sid@b@x=\box46
Package tocbasic Info: omitting babel extension for `lof'
(tocbasic)             because of feature `nobabel' available
(tocbasic)             for `lof' on input line 6002.
\scr@dte@figure@maxnumwidth=\skip61
\c@figure=\count170
Package tocbasic Info: omitting babel extension for `lot'
(tocbasic)             because of feature `nobabel' available
(tocbasic)             for `lot' on input line 6014.
\scr@dte@table@maxnumwidth=\skip62
\c@table=\count171
Class scrartcl Info: Redefining `\numberline' on input line 6178.
\bibindent=\dimen134
)
(/usr/local/texlive/2020/texmf-dist/tex/generic/babel/babel.sty
Package: babel 2020/03/22 3.42 The Babel package

(/usr/local/texlive/2020/texmf-dist/tex/generic/babel/switch.def
File: switch.def 2020/03/22 3.42 Babel switching mechanism
)
(/usr/local/texlive/2020/texmf-dist/tex/generic/babel-english/english.ldf
Language: english 2017/06/06 v3.3r English support from the babel system

(/usr/local/texlive/2020/texmf-dist/tex/generic/babel/babel.def
File: babel.def 2020/03/22 3.42 Babel common definitions
\babel@savecnt=\count172
\U@D=\dimen135

(/usr/local/texlive/2020/texmf-dist/tex/generic/babel/xebabel.def
(/usr/local/texlive/2020/texmf-dist/tex/generic/babel/txtbabel.def))
\bbl@readstream=\read2
\bbl@dirlevel=\count173
)
Package babel Info: \l@canadian = using hyphenrules for english
(babel)             (\language0) on input line 102.
Package babel Info: \l@australian = using hyphenrules for ukenglish
(babel)             (\language21) on input line 105.
Package babel Info: \l@newzealand = using hyphenrules for ukenglish
(babel)             (\language21) on input line 108.
))
(/usr/local/texlive/2020/texmf-dist/tex/latex/fontspec/fontspec.sty
(/usr/local/texlive/2020/texmf-dist/tex/latex/l3packages/xparse/xparse.sty
(/usr/local/texlive/2020/texmf-dist/tex/latex/l3kernel/expl3.sty
Package: expl3 2020-03-06 L3 programming layer (loader) 

(/usr/local/texlive/2020/texmf-dist/tex/latex/l3backend/l3backend-xdvipdfmx.def
File: l3backend-xdvipdfmx.def 2020-03-12 L3 backend support: xdvipdfmx
\g__graphics_track_int=\count174
\l__pdf_internal_box=\box47
\g__pdf_backend_object_int=\count175
\g__pdf_backend_annotation_int=\count176
))
Package: xparse 2020-03-06 L3 Experimental document command parser
\l__xparse_current_arg_int=\count177
\g__xparse_grabber_int=\count178
\l__xparse_m_args_int=\count179
\l__xparse_v_nesting_int=\count180
)
Package: fontspec 2020/02/21 v2.7i Font selection for XeLaTeX and LuaLaTeX
 (/usr/local/texlive/2020/texmf-dist/tex/latex/fontspec/fontspec-xetex.sty
Package: fontspec-xetex 2020/02/21 v2.7i Font selection for XeLaTeX and LuaLaTe
X
\l__fontspec_script_int=\count181
\l__fontspec_language_int=\count182
\l__fontspec_strnum_int=\count183
\l__fontspec_tmp_int=\count184
\l__fontspec_tmpa_int=\count185
\l__fontspec_tmpb_int=\count186
\l__fontspec_tmpc_int=\count187
\l__fontspec_em_int=\count188
\l__fontspec_emdef_int=\count189
\l__fontspec_strong_int=\count190
\l__fontspec_strongdef_int=\count191
\l__fontspec_tmpa_dim=\dimen136
\l__fontspec_tmpb_dim=\dimen137
\l__fontspec_tmpc_dim=\dimen138

(/usr/local/texlive/2020/texmf-dist/tex/latex/base/fontenc.sty
Package: fontenc 2020/02/11 v2.0o Standard LaTeX package
)
(/usr/local/texlive/2020/texmf-dist/tex/latex/fontspec/fontspec.cfg)))
(/usr/local/texlive/2020/texmf-dist/tex/latex/geometry/geometry.sty
Package: geometry 2020/01/02 v5.9 Page Geometry

(/usr/local/texlive/2020/texmf-dist/tex/generic/iftex/ifvtex.sty
Package: ifvtex 2019/10/25 v1.7 ifvtex legacy package. Use iftex instead.

(/usr/local/texlive/2020/texmf-dist/tex/generic/iftex/iftex.sty
Package: iftex 2020/03/06 v1.0d TeX engine tests
))
\Gm@cnth=\count192
\Gm@cntv=\count193
\c@Gm@tempcnt=\count194
\Gm@bindingoffset=\dimen139
\Gm@wd@mp=\dimen140
\Gm@odd@mp=\dimen141
\Gm@even@mp=\dimen142
\Gm@layoutwidth=\dimen143
\Gm@layoutheight=\dimen144
\Gm@layouthoffset=\dimen145
\Gm@layoutvoffset=\dimen146
\Gm@dimlist=\toks16
)
(/usr/local/texlive/2020/texmf-dist/tex/latex/setspace/setspace.sty
Package: setspace 2011/12/19 v6.7a set line spacing
)

Class scrartcl Warning: Usage of package `fancyhdr' together
(scrartcl)              with a KOMA-Script class is not recommended.
(scrartcl)              I'd suggest to use 
(scrartcl)              package `scrlayer' or `scrlayer-scrpage', because
(scrartcl)              they support KOMA-Script classes.
(scrartcl)              With `fancyhdr' several features of class `scrartcl'
(scrartcl)              like options `headsepline', `footsepline' or command
(scrartcl)              `\MakeMarkcase' and the commands `\setkomafont' and
(scrartcl)              `\addtokomafont' for the page style elements need
(scrartcl)              explicite user intervention to work.
(scrartcl)              Nevertheless, using requested
(scrartcl)              package `fancyhdr' on input line 7.

(/usr/local/texlive/2020/texmf-dist/tex/latex/fancyhdr/fancyhdr.sty
Package: fancyhdr 2019/01/31 v3.10 Extensive control of page headers and footer
s
\f@nch@headwidth=\skip63
\f@nch@O@elh=\skip64
\f@nch@O@erh=\skip65
\f@nch@O@olh=\skip66
\f@nch@O@orh=\skip67
\f@nch@O@elf=\skip68
\f@nch@O@erf=\skip69
\f@nch@O@olf=\skip70
\f@nch@O@orf=\skip71
)
(/usr/local/texlive/2020/texmf-dist/tex/latex/hyperref/hyperref.sty
Package: hyperref 2020/01/14 v7.00d Hypertext links for LaTeX

(/usr/local/texlive/2020/texmf-dist/tex/generic/ltxcmds/ltxcmds.sty
Package: ltxcmds 2019/12/15 v1.24 LaTeX kernel commands for general use (HO)
)
(/usr/local/texlive/2020/texmf-dist/tex/latex/pdftexcmds/pdftexcmds.sty
Package: pdftexcmds 2019/11/24 v0.31 Utility functions of pdfTeX for LuaTeX (HO
)

(/usr/local/texlive/2020/texmf-dist/tex/generic/infwarerr/infwarerr.sty
Package: infwarerr 2019/12/03 v1.5 Providing info/warning/error messages (HO)
)
Package pdftexcmds Info: \pdf@primitive is available.
Package pdftexcmds Info: \pdf@ifprimitive is available.
Package pdftexcmds Info: \pdfdraftmode not found.
)
(/usr/local/texlive/2020/texmf-dist/tex/generic/kvsetkeys/kvsetkeys.sty
Package: kvsetkeys 2019/12/15 v1.18 Key value parser (HO)
)
(/usr/local/texlive/2020/texmf-dist/tex/generic/kvdefinekeys/kvdefinekeys.sty
Package: kvdefinekeys 2019-12-19 v1.6 Define keys (HO)
)
(/usr/local/texlive/2020/texmf-dist/tex/generic/pdfescape/pdfescape.sty
Package: pdfescape 2019/12/09 v1.15 Implements pdfTeX's escape features (HO)
)
(/usr/local/texlive/2020/texmf-dist/tex/latex/hycolor/hycolor.sty
Package: hycolor 2020-01-27 v1.10 Color options for hyperref/bookmark (HO)
)
(/usr/local/texlive/2020/texmf-dist/tex/latex/letltxmacro/letltxmacro.sty
Package: letltxmacro 2019/12/03 v1.6 Let assignment for LaTeX macros (HO)
)
(/usr/local/texlive/2020/texmf-dist/tex/latex/auxhook/auxhook.sty
Package: auxhook 2019-12-17 v1.6 Hooks for auxiliary files (HO)
)
(/usr/local/texlive/2020/texmf-dist/tex/latex/kvoptions/kvoptions.sty
Package: kvoptions 2019/11/29 v3.13 Key value format for package options (HO)
)
\@linkdim=\dimen147
\Hy@linkcounter=\count195
\Hy@pagecounter=\count196

(/usr/local/texlive/2020/texmf-dist/tex/latex/hyperref/pd1enc.def
File: pd1enc.def 2020/01/14 v7.00d Hyperref: PDFDocEncoding definition (HO)
)
(/usr/local/texlive/2020/texmf-dist/tex/generic/intcalc/intcalc.sty
Package: intcalc 2019/12/15 v1.3 Expandable calculations with integers (HO)
)
(/usr/local/texlive/2020/texmf-dist/tex/generic/etexcmds/etexcmds.sty
Package: etexcmds 2019/12/15 v1.7 Avoid name clashes with e-TeX commands (HO)
)
\Hy@SavedSpaceFactor=\count197
Package hyperref Info: Hyper figures OFF on input line 4547.
Package hyperref Info: Link nesting OFF on input line 4552.
Package hyperref Info: Hyper index ON on input line 4555.
Package hyperref Info: Plain pages OFF on input line 4562.
Package hyperref Info: Backreferencing OFF on input line 4567.
Package hyperref Info: Implicit mode ON; LaTeX internals redefined.
Package hyperref Info: Bookmarks ON on input line 4800.
\c@Hy@tempcnt=\count198

(/usr/local/texlive/2020/texmf-dist/tex/latex/url/url.sty
\Urlmuskip=\muskip16
Package: url 2013/09/16  ver 3.4  Verb mode for urls, etc.
)
LaTeX Info: Redefining \url on input line 5159.
\XeTeXLinkMargin=\dimen148

(/usr/local/texlive/2020/texmf-dist/tex/generic/bitset/bitset.sty
Package: bitset 2019/12/09 v1.3 Handle bit-vector datatype (HO)

(/usr/local/texlive/2020/texmf-dist/tex/generic/bigintcalc/bigintcalc.sty
Package: bigintcalc 2019/12/15 v1.5 Expandable calculations on big integers (HO
)
))
\Fld@menulength=\count199
\Field@Width=\dimen149
\Fld@charsize=\dimen150
Package hyperref Info: Hyper figures OFF on input line 6430.
Package hyperref Info: Link nesting OFF on input line 6435.
Package hyperref Info: Hyper index ON on input line 6438.
Package hyperref Info: backreferencing OFF on input line 6445.
Package hyperref Info: Link coloring OFF on input line 6450.
Package hyperref Info: Link coloring with OCG OFF on input line 6455.
Package hyperref Info: PDF/A mode OFF on input line 6460.
LaTeX Info: Redefining \ref on input line 6500.
LaTeX Info: Redefining \pageref on input line 6504.

(/usr/local/texlive/2020/texmf-dist/tex/generic/atbegshi/atbegshi.sty
Package: atbegshi 2019/12/05 v1.19 At begin shipout hook (HO)
)
\Hy@abspage=\count266
\c@Item=\count267
\c@Hfootnote=\count268
)
Package hyperref Info: Driver (autodetected): hxetex.

(/usr/local/texlive/2020/texmf-dist/tex/latex/hyperref/hxetex.def
File: hxetex.def 2020/01/14 v7.00d Hyperref driver for XeTeX

(/usr/local/texlive/2020/texmf-dist/tex/latex/hyperref/puenc.def
File: puenc.def 2020/01/14 v7.00d Hyperref: PDF Unicode definition (HO)
)
(/usr/local/texlive/2020/texmf-dist/tex/generic/stringenc/stringenc.sty
Package: stringenc 2019/11/29 v1.12 Convert strings between diff. encodings (HO
)
)
\pdfm@box=\box48
\c@Hy@AnnotLevel=\count269
\HyField@AnnotCount=\count270
\Fld@listcount=\count271
\c@bookmark@seq@number=\count272

(/usr/local/texlive/2020/texmf-dist/tex/latex/rerunfilecheck/rerunfilecheck.sty
Package: rerunfilecheck 2019/12/05 v1.9 Rerun checks for auxiliary files (HO)
(/usr/local/texlive/2020/texmf-dist/tex/latex/atveryend/atveryend.sty
Package: atveryend 2019-12-11 v1.11 Hooks at the very end of document (HO)
Package atveryend Info: \enddocument detected (standard20110627).
)
(/usr/local/texlive/2020/texmf-dist/tex/generic/uniquecounter/uniquecounter.sty
Package: uniquecounter 2019/12/15 v1.4 Provide unlimited unique counter (HO)
)
Package uniquecounter Info: New unique counter `rerunfilecheck' on input line 2
86.
)
\Hy@SectionHShift=\skip72
) (/usr/local/texlive/2020/texmf-dist/tex/latex/float/float.sty
Package: float 2001/11/08 v1.3d Float enhancements (AL)
\c@float@type=\count273
\float@exts=\toks17
\float@box=\box49
\@float@everytoks=\toks18
\@floatcapt=\box50
)
(/usr/local/texlive/2020/texmf-dist/tex/latex/tools/multicol.sty
Package: multicol 2019/12/09 v1.8y multicolumn formatting (FMi)
\c@tracingmulticols=\count274
\mult@box=\box51
\multicol@leftmargin=\dimen151
\c@unbalance=\count275
\c@collectmore=\count276
\doublecol@number=\count277
\multicoltolerance=\count278
\multicolpretolerance=\count279
\full@width=\dimen152
\page@free=\dimen153
\premulticols=\dimen154
\postmulticols=\dimen155
\multicolsep=\skip73
\multicolbaselineskip=\skip74
\partial@page=\box52
\last@line=\box53
\maxbalancingoverflow=\dimen156
\mult@rightbox=\box54
\mult@grightbox=\box55
\mult@gfirstbox=\box56
\mult@firstbox=\box57
\@tempa=\box58
\@tempa=\box59
\@tempa=\box60
\@tempa=\box61
\@tempa=\box62
\@tempa=\box63
\@tempa=\box64
\@tempa=\box65
\@tempa=\box66
\@tempa=\box67
\@tempa=\box68
\@tempa=\box69
\@tempa=\box70
\@tempa=\box71
\@tempa=\box72
\@tempa=\box73
\@tempa=\box74
\@tempa=\box75
\@tempa=\box76
\@tempa=\box77
\@tempa=\box78
\@tempa=\box79
\@tempa=\box80
\@tempa=\box81
\@tempa=\box82
\@tempa=\box83
\@tempa=\box84
\@tempa=\box85
\@tempa=\box86
\@tempa=\box87
\@tempa=\box88
\@tempa=\box89
\@tempa=\box90
\@tempa=\box91
\@tempa=\box92
\@tempa=\box93
\@tempa=\box94
\c@minrows=\count280
\c@columnbadness=\count281
\c@finalcolumnbadness=\count282
\last@try=\dimen157
\multicolovershoot=\dimen158
\multicolundershoot=\dimen159
\mult@nat@firstbox=\box95
\colbreak@box=\box96
\mc@col@check@num=\count283
)
(/usr/local/texlive/2020/texmf-dist/tex/latex/xcolor/xcolor.sty
Package: xcolor 2016/05/11 v2.12 LaTeX color extensions (UK)

(/usr/local/texlive/2020/texmf-dist/tex/latex/graphics-cfg/color.cfg
File: color.cfg 2016/01/02 v1.6 sample color configuration
)
Package xcolor Info: Driver file: xetex.def on input line 225.

(/usr/local/texlive/2020/texmf-dist/tex/latex/graphics-def/xetex.def
File: xetex.def 2017/06/24 v5.0h Graphics/color driver for xetex
)
(/usr/local/texlive/2020/texmf-dist/tex/latex/colortbl/colortbl.sty
Package: colortbl 2020/01/04 v1.0e Color table columns (DPC)

(/usr/local/texlive/2020/texmf-dist/tex/latex/tools/array.sty
Package: array 2019/08/31 v2.4l Tabular extension package (FMi)
\col@sep=\dimen160
\ar@mcellbox=\box97
\extrarowheight=\dimen161
\NC@list=\toks19
\extratabsurround=\skip75
\backup@length=\skip76
\ar@cellbox=\box98
)
\everycr=\toks20
\minrowclearance=\skip77
)
\rownum=\count284
Package xcolor Info: Model `cmy' substituted by `cmy0' on input line 1348.
Package xcolor Info: Model `RGB' extended on input line 1364.
Package xcolor Info: Model `HTML' substituted by `rgb' on input line 1366.
Package xcolor Info: Model `Hsb' substituted by `hsb' on input line 1367.
Package xcolor Info: Model `tHsb' substituted by `hsb' on input line 1368.
Package xcolor Info: Model `HSB' substituted by `hsb' on input line 1369.
Package xcolor Info: Model `Gray' substituted by `gray' on input line 1370.
Package xcolor Info: Model `wave' substituted by `hsb' on input line 1371.

(/usr/local/texlive/2020/texmf-dist/tex/latex/graphics/dvipsnam.def
File: dvipsnam.def 2016/06/17 v3.0m Driver-dependent file (DPC,SPQR)
))
(/usr/local/texlive/2020/texmf-dist/tex/latex/soul/soul.sty
Package: soul 2003/11/17 v2.4 letterspacing/underlining (mf)
\SOUL@word=\toks21
\SOUL@lasttoken=\toks22
\SOUL@cmds=\toks23
\SOUL@buffer=\toks24
\SOUL@token=\toks25
\SOUL@spaceskip=\skip78
\SOUL@ttwidth=\dimen162
\SOUL@uldp=\dimen163
\SOUL@ulht=\dimen164
)
(/usr/local/texlive/2020/texmf-dist/tex/latex/pgf/frontendlayer/tikz.sty
(/usr/local/texlive/2020/texmf-dist/tex/latex/pgf/basiclayer/pgf.sty
(/usr/local/texlive/2020/texmf-dist/tex/latex/pgf/utilities/pgfrcs.sty
(/usr/local/texlive/2020/texmf-dist/tex/generic/pgf/utilities/pgfutil-common.te
x
\pgfutil@everybye=\toks26
\pgfutil@tempdima=\dimen165
\pgfutil@tempdimb=\dimen166

(/usr/local/texlive/2020/texmf-dist/tex/generic/pgf/utilities/pgfutil-common-li
sts.tex))
(/usr/local/texlive/2020/texmf-dist/tex/generic/pgf/utilities/pgfutil-latex.def
\pgfutil@abb=\box99
(/usr/local/texlive/2020/texmf-dist/tex/latex/ms/everyshi.sty
Package: everyshi 2001/05/15 v3.00 EveryShipout Package (MS)
))
(/usr/local/texlive/2020/texmf-dist/tex/generic/pgf/utilities/pgfrcs.code.tex
(/usr/local/texlive/2020/texmf-dist/tex/generic/pgf/pgf.revision.tex)
Package: pgfrcs 2020/01/08 v3.1.5b (3.1.5b)
))
Package: pgf 2020/01/08 v3.1.5b (3.1.5b)

(/usr/local/texlive/2020/texmf-dist/tex/latex/pgf/basiclayer/pgfcore.sty
(/usr/local/texlive/2020/texmf-dist/tex/latex/graphics/graphicx.sty
Package: graphicx 2019/11/30 v1.2a Enhanced LaTeX Graphics (DPC,SPQR)

(/usr/local/texlive/2020/texmf-dist/tex/latex/graphics/graphics.sty
Package: graphics 2019/11/30 v1.4a Standard LaTeX Graphics (DPC,SPQR)

(/usr/local/texlive/2020/texmf-dist/tex/latex/graphics/trig.sty
Package: trig 2016/01/03 v1.10 sin cos tan (DPC)
)
(/usr/local/texlive/2020/texmf-dist/tex/latex/graphics-cfg/graphics.cfg
File: graphics.cfg 2016/06/04 v1.11 sample graphics configuration
)
Package graphics Info: Driver file: xetex.def on input line 105.
)
\Gin@req@height=\dimen167
\Gin@req@width=\dimen168
)
(/usr/local/texlive/2020/texmf-dist/tex/latex/pgf/systemlayer/pgfsys.sty
(/usr/local/texlive/2020/texmf-dist/tex/generic/pgf/systemlayer/pgfsys.code.tex
Package: pgfsys 2020/01/08 v3.1.5b (3.1.5b)
(/usr/local/texlive/2020/texmf-dist/tex/generic/pgf/utilities/pgfkeys.code.tex
\pgfkeys@pathtoks=\toks27
\pgfkeys@temptoks=\toks28

(/usr/local/texlive/2020/texmf-dist/tex/generic/pgf/utilities/pgfkeysfiltered.c
ode.tex
\pgfkeys@tmptoks=\toks29
))
\pgf@x=\dimen169
\pgf@y=\dimen170
\pgf@xa=\dimen171
\pgf@ya=\dimen172
\pgf@xb=\dimen173
\pgf@yb=\dimen174
\pgf@xc=\dimen175
\pgf@yc=\dimen176
\pgf@xd=\dimen177
\pgf@yd=\dimen178
\w@pgf@writea=\write3
\r@pgf@reada=\read3
\c@pgf@counta=\count285
\c@pgf@countb=\count286
\c@pgf@countc=\count287
\c@pgf@countd=\count288
\t@pgf@toka=\toks30
\t@pgf@tokb=\toks31
\t@pgf@tokc=\toks32
\pgf@sys@id@count=\count289

(/usr/local/texlive/2020/texmf-dist/tex/generic/pgf/systemlayer/pgf.cfg
File: pgf.cfg 2020/01/08 v3.1.5b (3.1.5b)
)
Driver file for pgf: pgfsys-xetex.def

(/usr/local/texlive/2020/texmf-dist/tex/generic/pgf/systemlayer/pgfsys-xetex.de
f
File: pgfsys-xetex.def 2020/01/08 v3.1.5b (3.1.5b)

(/usr/local/texlive/2020/texmf-dist/tex/generic/pgf/systemlayer/pgfsys-dvipdfmx
.def
File: pgfsys-dvipdfmx.def 2020/01/08 v3.1.5b (3.1.5b)

(/usr/local/texlive/2020/texmf-dist/tex/generic/pgf/systemlayer/pgfsys-common-p
df.def
File: pgfsys-common-pdf.def 2020/01/08 v3.1.5b (3.1.5b)
)
\pgfsys@objnum=\count290
)))
(/usr/local/texlive/2020/texmf-dist/tex/generic/pgf/systemlayer/pgfsyssoftpath.
code.tex
File: pgfsyssoftpath.code.tex 2020/01/08 v3.1.5b (3.1.5b)
\pgfsyssoftpath@smallbuffer@items=\count291
\pgfsyssoftpath@bigbuffer@items=\count292
)
(/usr/local/texlive/2020/texmf-dist/tex/generic/pgf/systemlayer/pgfsysprotocol.
code.tex
File: pgfsysprotocol.code.tex 2020/01/08 v3.1.5b (3.1.5b)
))
(/usr/local/texlive/2020/texmf-dist/tex/generic/pgf/basiclayer/pgfcore.code.tex
Package: pgfcore 2020/01/08 v3.1.5b (3.1.5b)
(/usr/local/texlive/2020/texmf-dist/tex/generic/pgf/math/pgfmath.code.tex
(/usr/local/texlive/2020/texmf-dist/tex/generic/pgf/math/pgfmathcalc.code.tex
(/usr/local/texlive/2020/texmf-dist/tex/generic/pgf/math/pgfmathutil.code.tex)
(/usr/local/texlive/2020/texmf-dist/tex/generic/pgf/math/pgfmathparser.code.tex
\pgfmath@dimen=\dimen179
\pgfmath@count=\count293
\pgfmath@box=\box100
\pgfmath@toks=\toks33
\pgfmath@stack@operand=\toks34
\pgfmath@stack@operation=\toks35
)
(/usr/local/texlive/2020/texmf-dist/tex/generic/pgf/math/pgfmathfunctions.code.
tex
(/usr/local/texlive/2020/texmf-dist/tex/generic/pgf/math/pgfmathfunctions.basic
.code.tex)
(/usr/local/texlive/2020/texmf-dist/tex/generic/pgf/math/pgfmathfunctions.trigo
nometric.code.tex)
(/usr/local/texlive/2020/texmf-dist/tex/generic/pgf/math/pgfmathfunctions.rando
m.code.tex)
(/usr/local/texlive/2020/texmf-dist/tex/generic/pgf/math/pgfmathfunctions.compa
rison.code.tex)
(/usr/local/texlive/2020/texmf-dist/tex/generic/pgf/math/pgfmathfunctions.base.
code.tex)
(/usr/local/texlive/2020/texmf-dist/tex/generic/pgf/math/pgfmathfunctions.round
.code.tex)
(/usr/local/texlive/2020/texmf-dist/tex/generic/pgf/math/pgfmathfunctions.misc.
code.tex)
(/usr/local/texlive/2020/texmf-dist/tex/generic/pgf/math/pgfmathfunctions.integ
erarithmetics.code.tex)))
(/usr/local/texlive/2020/texmf-dist/tex/generic/pgf/math/pgfmathfloat.code.tex
\c@pgfmathroundto@lastzeros=\count294
)) (/usr/local/texlive/2020/texmf-dist/tex/generic/pgf/math/pgfint.code.tex)
(/usr/local/texlive/2020/texmf-dist/tex/generic/pgf/basiclayer/pgfcorepoints.co
de.tex
File: pgfcorepoints.code.tex 2020/01/08 v3.1.5b (3.1.5b)
\pgf@picminx=\dimen180
\pgf@picmaxx=\dimen181
\pgf@picminy=\dimen182
\pgf@picmaxy=\dimen183
\pgf@pathminx=\dimen184
\pgf@pathmaxx=\dimen185
\pgf@pathminy=\dimen186
\pgf@pathmaxy=\dimen187
\pgf@xx=\dimen188
\pgf@xy=\dimen189
\pgf@yx=\dimen190
\pgf@yy=\dimen191
\pgf@zx=\dimen192
\pgf@zy=\dimen193
)
(/usr/local/texlive/2020/texmf-dist/tex/generic/pgf/basiclayer/pgfcorepathconst
ruct.code.tex
File: pgfcorepathconstruct.code.tex 2020/01/08 v3.1.5b (3.1.5b)
\pgf@path@lastx=\dimen194
\pgf@path@lasty=\dimen195
)
(/usr/local/texlive/2020/texmf-dist/tex/generic/pgf/basiclayer/pgfcorepathusage
.code.tex
File: pgfcorepathusage.code.tex 2020/01/08 v3.1.5b (3.1.5b)
\pgf@shorten@end@additional=\dimen196
\pgf@shorten@start@additional=\dimen197
)
(/usr/local/texlive/2020/texmf-dist/tex/generic/pgf/basiclayer/pgfcorescopes.co
de.tex
File: pgfcorescopes.code.tex 2020/01/08 v3.1.5b (3.1.5b)
\pgfpic=\box101
\pgf@hbox=\box102
\pgf@layerbox@main=\box103
\pgf@picture@serial@count=\count295
)
(/usr/local/texlive/2020/texmf-dist/tex/generic/pgf/basiclayer/pgfcoregraphicst
ate.code.tex
File: pgfcoregraphicstate.code.tex 2020/01/08 v3.1.5b (3.1.5b)
\pgflinewidth=\dimen198
)
(/usr/local/texlive/2020/texmf-dist/tex/generic/pgf/basiclayer/pgfcoretransform
ations.code.tex
File: pgfcoretransformations.code.tex 2020/01/08 v3.1.5b (3.1.5b)
\pgf@pt@x=\dimen199
\pgf@pt@y=\dimen256
\pgf@pt@temp=\dimen257
)
(/usr/local/texlive/2020/texmf-dist/tex/generic/pgf/basiclayer/pgfcorequick.cod
e.tex
File: pgfcorequick.code.tex 2020/01/08 v3.1.5b (3.1.5b)
)
(/usr/local/texlive/2020/texmf-dist/tex/generic/pgf/basiclayer/pgfcoreobjects.c
ode.tex
File: pgfcoreobjects.code.tex 2020/01/08 v3.1.5b (3.1.5b)
)
(/usr/local/texlive/2020/texmf-dist/tex/generic/pgf/basiclayer/pgfcorepathproce
ssing.code.tex
File: pgfcorepathprocessing.code.tex 2020/01/08 v3.1.5b (3.1.5b)
)
(/usr/local/texlive/2020/texmf-dist/tex/generic/pgf/basiclayer/pgfcorearrows.co
de.tex
File: pgfcorearrows.code.tex 2020/01/08 v3.1.5b (3.1.5b)
\pgfarrowsep=\dimen258
)
(/usr/local/texlive/2020/texmf-dist/tex/generic/pgf/basiclayer/pgfcoreshade.cod
e.tex
File: pgfcoreshade.code.tex 2020/01/08 v3.1.5b (3.1.5b)
\pgf@max=\dimen259
\pgf@sys@shading@range@num=\count296
\pgf@shadingcount=\count297
)
(/usr/local/texlive/2020/texmf-dist/tex/generic/pgf/basiclayer/pgfcoreimage.cod
e.tex
File: pgfcoreimage.code.tex 2020/01/08 v3.1.5b (3.1.5b)

(/usr/local/texlive/2020/texmf-dist/tex/generic/pgf/basiclayer/pgfcoreexternal.
code.tex
File: pgfcoreexternal.code.tex 2020/01/08 v3.1.5b (3.1.5b)
\pgfexternal@startupbox=\box104
))
(/usr/local/texlive/2020/texmf-dist/tex/generic/pgf/basiclayer/pgfcorelayers.co
de.tex
File: pgfcorelayers.code.tex 2020/01/08 v3.1.5b (3.1.5b)
)
(/usr/local/texlive/2020/texmf-dist/tex/generic/pgf/basiclayer/pgfcoretranspare
ncy.code.tex
File: pgfcoretransparency.code.tex 2020/01/08 v3.1.5b (3.1.5b)
)
(/usr/local/texlive/2020/texmf-dist/tex/generic/pgf/basiclayer/pgfcorepatterns.
code.tex
File: pgfcorepatterns.code.tex 2020/01/08 v3.1.5b (3.1.5b)
)
(/usr/local/texlive/2020/texmf-dist/tex/generic/pgf/basiclayer/pgfcorerdf.code.
tex
File: pgfcorerdf.code.tex 2020/01/08 v3.1.5b (3.1.5b)
)))
(/usr/local/texlive/2020/texmf-dist/tex/generic/pgf/modules/pgfmoduleshapes.cod
e.tex
File: pgfmoduleshapes.code.tex 2020/01/08 v3.1.5b (3.1.5b)
\pgfnodeparttextbox=\box105
)
(/usr/local/texlive/2020/texmf-dist/tex/generic/pgf/modules/pgfmoduleplot.code.
tex
File: pgfmoduleplot.code.tex 2020/01/08 v3.1.5b (3.1.5b)
)
(/usr/local/texlive/2020/texmf-dist/tex/latex/pgf/compatibility/pgfcomp-version
-0-65.sty
Package: pgfcomp-version-0-65 2020/01/08 v3.1.5b (3.1.5b)
\pgf@nodesepstart=\dimen260
\pgf@nodesepend=\dimen261
)
(/usr/local/texlive/2020/texmf-dist/tex/latex/pgf/compatibility/pgfcomp-version
-1-18.sty
Package: pgfcomp-version-1-18 2020/01/08 v3.1.5b (3.1.5b)
))
(/usr/local/texlive/2020/texmf-dist/tex/latex/pgf/utilities/pgffor.sty
(/usr/local/texlive/2020/texmf-dist/tex/latex/pgf/utilities/pgfkeys.sty
(/usr/local/texlive/2020/texmf-dist/tex/generic/pgf/utilities/pgfkeys.code.tex)
) (/usr/local/texlive/2020/texmf-dist/tex/latex/pgf/math/pgfmath.sty
(/usr/local/texlive/2020/texmf-dist/tex/generic/pgf/math/pgfmath.code.tex))
(/usr/local/texlive/2020/texmf-dist/tex/generic/pgf/utilities/pgffor.code.tex
Package: pgffor 2020/01/08 v3.1.5b (3.1.5b)

(/usr/local/texlive/2020/texmf-dist/tex/generic/pgf/math/pgfmath.code.tex)
\pgffor@iter=\dimen262
\pgffor@skip=\dimen263
\pgffor@stack=\toks36
\pgffor@toks=\toks37
))
(/usr/local/texlive/2020/texmf-dist/tex/generic/pgf/frontendlayer/tikz/tikz.cod
e.tex
Package: tikz 2020/01/08 v3.1.5b (3.1.5b)

(/usr/local/texlive/2020/texmf-dist/tex/generic/pgf/libraries/pgflibraryplothan
dlers.code.tex
File: pgflibraryplothandlers.code.tex 2020/01/08 v3.1.5b (3.1.5b)
\pgf@plot@mark@count=\count298
\pgfplotmarksize=\dimen264
)
\tikz@lastx=\dimen265
\tikz@lasty=\dimen266
\tikz@lastxsaved=\dimen267
\tikz@lastysaved=\dimen268
\tikz@lastmovetox=\dimen269
\tikz@lastmovetoy=\dimen270
\tikzleveldistance=\dimen271
\tikzsiblingdistance=\dimen272
\tikz@figbox=\box106
\tikz@figbox@bg=\box107
\tikz@tempbox=\box108
\tikz@tempbox@bg=\box109
\tikztreelevel=\count299
\tikznumberofchildren=\count300
\tikznumberofcurrentchild=\count301
\tikz@fig@count=\count302

(/usr/local/texlive/2020/texmf-dist/tex/generic/pgf/modules/pgfmodulematrix.cod
e.tex
File: pgfmodulematrix.code.tex 2020/01/08 v3.1.5b (3.1.5b)
\pgfmatrixcurrentrow=\count303
\pgfmatrixcurrentcolumn=\count304
\pgf@matrix@numberofcolumns=\count305
)
\tikz@expandcount=\count306

(/usr/local/texlive/2020/texmf-dist/tex/generic/pgf/frontendlayer/tikz/librarie
s/tikzlibrarytopaths.code.tex
File: tikzlibrarytopaths.code.tex 2020/01/08 v3.1.5b (3.1.5b)
)))
(/usr/local/texlive/2020/texmf-dist/tex/generic/pgf/frontendlayer/tikz/librarie
s/tikzlibrarycalc.code.tex
File: tikzlibrarycalc.code.tex 2020/01/08 v3.1.5b (3.1.5b)
)
(/usr/local/texlive/2020/texmf-dist/tex/latex/background/background.sty
Package: background 2014/03/04 v2.1 background material

(/usr/local/texlive/2020/texmf-dist/tex/latex/xkeyval/xkeyval.sty
Package: xkeyval 2014/12/03 v2.7a package option processing (HA)

(/usr/local/texlive/2020/texmf-dist/tex/generic/xkeyval/xkeyval.tex
(/usr/local/texlive/2020/texmf-dist/tex/generic/xkeyval/xkvutils.tex
\XKV@toks=\toks38
\XKV@tempa@toks=\toks39
)
\XKV@depth=\count307
File: xkeyval.tex 2014/12/03 v2.7a key=value parser (HA)
))
(/usr/local/texlive/2020/texmf-dist/tex/latex/everypage/everypage.sty
Package: everypage 2007/06/20 1.1 Hooks to run on every page
)
(/usr/local/texlive/2020/texmf-dist/tex/latex/tools/afterpage.sty
Package: afterpage 2014/10/28 v1.08 After-Page Package (DPC)
\AP@output=\toks40
\AP@partial=\box110
\AP@footins=\box111
))
(/usr/local/texlive/2020/texmf-dist/tex/latex/eurosym/eurosym.sty
Package: eurosym 1998/08/06 v1.1 European currency symbol ``Euro''
\@eurobox=\box112
)
(/usr/local/texlive/2020/texmf-dist/tex/latex/booktabs/booktabs.sty
Package: booktabs 2020/01/12 v1.61803398 Publication quality tables
\heavyrulewidth=\dimen273
\lightrulewidth=\dimen274
\cmidrulewidth=\dimen275
\belowrulesep=\dimen276
\belowbottomsep=\dimen277
\aboverulesep=\dimen278
\abovetopsep=\dimen279
\cmidrulesep=\dimen280
\cmidrulekern=\dimen281
\defaultaddspace=\dimen282
\@cmidla=\count308
\@cmidlb=\count309
\@aboverulesep=\dimen283
\@belowrulesep=\dimen284
\@thisruleclass=\count310
\@lastruleclass=\count311
\@thisrulewidth=\dimen285
)
Package hyperref Info: Option `colorlinks' set `true' on input line 42.


LaTeX Warning: Unused global option(s):
    [11.5pt].

(./svf.aux

LaTeX Warning: Label `tab:table-name' multiply defined.


LaTeX Warning: Label `tab:table-name' multiply defined.


LaTeX Warning: Label `tab:table-name' multiply defined.


LaTeX Warning: Label `tab:table-name' multiply defined.


LaTeX Warning: Label `tab:table-name' multiply defined.


LaTeX Warning: Label `tab:table-name' multiply defined.


LaTeX Warning: Label `tab:table-name' multiply defined.


LaTeX Warning: Label `tab:table-name' multiply defined.


LaTeX Warning: Label `tab:table-name' multiply defined.


LaTeX Warning: Label `tab:table-name' multiply defined.


LaTeX Warning: Label `tab:table-name' multiply defined.


LaTeX Warning: Label `tab:table-name' multiply defined.


LaTeX Warning: Label `tab:table-name' multiply defined.


LaTeX Warning: Label `tab:table-name' multiply defined.


LaTeX Warning: Label `tab:table-name' multiply defined.


LaTeX Warning: Label `tab:table-name' multiply defined.


LaTeX Warning: Label `tab:table-name' multiply defined.


LaTeX Warning: Label `tab:table-name' multiply defined.


LaTeX Warning: Label `tab:table-name' multiply defined.


LaTeX Warning: Label `tab:table-name' multiply defined.


LaTeX Warning: Label `tab:table-name' multiply defined.


LaTeX Warning: Label `tab:table-name' multiply defined.


LaTeX Warning: Label `tab:table-name' multiply defined.


LaTeX Warning: Label `tab:table-name' multiply defined.


LaTeX Warning: Label `tab:table-name' multiply defined.


LaTeX Warning: Label `tab:table-name' multiply defined.


LaTeX Warning: Label `tab:table-name' multiply defined.


LaTeX Warning: Label `tab:table-name' multiply defined.


LaTeX Warning: Label `tab:table-name' multiply defined.


LaTeX Warning: Label `tab:table-name' multiply defined.


LaTeX Warning: Label `tab:table-name' multiply defined.


LaTeX Warning: Label `tab:table-name' multiply defined.


LaTeX Warning: Label `tab:table-name' multiply defined.

)
\openout1 = `svf.aux'.

LaTeX Font Info:    Checking defaults for OML/cmm/m/it on input line 43.
LaTeX Font Info:    ... okay on input line 43.
LaTeX Font Info:    Checking defaults for OMS/cmsy/m/n on input line 43.
LaTeX Font Info:    ... okay on input line 43.
LaTeX Font Info:    Checking defaults for OT1/cmr/m/n on input line 43.
LaTeX Font Info:    ... okay on input line 43.
LaTeX Font Info:    Checking defaults for T1/cmr/m/n on input line 43.
LaTeX Font Info:    ... okay on input line 43.
LaTeX Font Info:    Checking defaults for TS1/cmr/m/n on input line 43.
LaTeX Font Info:    Trying to load font information for TS1+cmr on input line 4
3.
 (/usr/local/texlive/2020/texmf-dist/tex/latex/base/ts1cmr.fd
File: ts1cmr.fd 2019/12/16 v2.5j Standard LaTeX font definitions
)
LaTeX Font Info:    ... okay on input line 43.
LaTeX Font Info:    Checking defaults for TU/lmr/m/n on input line 43.
LaTeX Font Info:    ... okay on input line 43.
LaTeX Font Info:    Checking defaults for OMX/cmex/m/n on input line 43.
LaTeX Font Info:    ... okay on input line 43.
LaTeX Font Info:    Checking defaults for U/cmr/m/n on input line 43.
LaTeX Font Info:    ... okay on input line 43.
LaTeX Font Info:    Checking defaults for PD1/pdf/m/n on input line 43.
LaTeX Font Info:    ... okay on input line 43.
LaTeX Font Info:    Checking defaults for PU/pdf/m/n on input line 43.
LaTeX Font Info:    ... okay on input line 43.
Package scrbase Info: activating english \contentsname on input line 43.
Package scrbase Info: activating english \listfigurename on input line 43.
Package scrbase Info: activating english \listtablename on input line 43.

Package fontspec Info: Adjusting the maths setup (use [no-math] to avoid
(fontspec)             this).

\symlegacymaths=\mathgroup4
LaTeX Font Info:    Overwriting symbol font `legacymaths' in version `bold'
(Font)                  OT1/cmr/m/n --> OT1/cmr/bx/n on input line 43.
LaTeX Font Info:    Redeclaring math accent \acute on input line 43.
LaTeX Font Info:    Redeclaring math accent \grave on input line 43.
LaTeX Font Info:    Redeclaring math accent \ddot on input line 43.
LaTeX Font Info:    Redeclaring math accent \tilde on input line 43.
LaTeX Font Info:    Redeclaring math accent \bar on input line 43.
LaTeX Font Info:    Redeclaring math accent \breve on input line 43.
LaTeX Font Info:    Redeclaring math accent \check on input line 43.
LaTeX Font Info:    Redeclaring math accent \hat on input line 43.
LaTeX Font Info:    Redeclaring math accent \dot on input line 43.
LaTeX Font Info:    Redeclaring math accent \mathring on input line 43.
LaTeX Font Info:    Redeclaring math symbol \colon on input line 43.
LaTeX Font Info:    Redeclaring math symbol \Gamma on input line 43.
LaTeX Font Info:    Redeclaring math symbol \Delta on input line 43.
LaTeX Font Info:    Redeclaring math symbol \Theta on input line 43.
LaTeX Font Info:    Redeclaring math symbol \Lambda on input line 43.
LaTeX Font Info:    Redeclaring math symbol \Xi on input line 43.
LaTeX Font Info:    Redeclaring math symbol \Pi on input line 43.
LaTeX Font Info:    Redeclaring math symbol \Sigma on input line 43.
LaTeX Font Info:    Redeclaring math symbol \Upsilon on input line 43.
LaTeX Font Info:    Redeclaring math symbol \Phi on input line 43.
LaTeX Font Info:    Redeclaring math symbol \Psi on input line 43.
LaTeX Font Info:    Redeclaring math symbol \Omega on input line 43.
LaTeX Font Info:    Redeclaring math symbol \mathdollar on input line 43.
LaTeX Font Info:    Redeclaring symbol font `operators' on input line 43.
LaTeX Font Info:    Encoding `OT1' has changed to `TU' for symbol font
(Font)              `operators' in the math version `normal' on input line 43.
LaTeX Font Info:    Overwriting symbol font `operators' in version `normal'
(Font)                  OT1/cmr/m/n --> TU/lmr/m/n on input line 43.
LaTeX Font Info:    Encoding `OT1' has changed to `TU' for symbol font
(Font)              `operators' in the math version `bold' on input line 43.
LaTeX Font Info:    Overwriting symbol font `operators' in version `bold'
(Font)                  OT1/cmr/bx/n --> TU/lmr/m/n on input line 43.
LaTeX Font Info:    Overwriting symbol font `operators' in version `normal'
(Font)                  TU/lmr/m/n --> TU/lmr/m/n on input line 43.
LaTeX Font Info:    Overwriting math alphabet `\mathit' in version `normal'
(Font)                  OT1/cmr/m/it --> TU/lmr/m/it on input line 43.
LaTeX Font Info:    Overwriting math alphabet `\mathbf' in version `normal'
(Font)                  OT1/cmr/bx/n --> TU/lmr/b/n on input line 43.
LaTeX Font Info:    Overwriting math alphabet `\mathsf' in version `normal'
(Font)                  OT1/cmss/m/n --> TU/lmss/m/n on input line 43.
LaTeX Font Info:    Overwriting math alphabet `\mathtt' in version `normal'
(Font)                  OT1/cmtt/m/n --> TU/lmtt/m/n on input line 43.
LaTeX Font Info:    Overwriting symbol font `operators' in version `bold'
(Font)                  TU/lmr/m/n --> TU/lmr/b/n on input line 43.
LaTeX Font Info:    Overwriting math alphabet `\mathit' in version `bold'
(Font)                  OT1/cmr/bx/it --> TU/lmr/b/it on input line 43.
LaTeX Font Info:    Overwriting math alphabet `\mathsf' in version `bold'
(Font)                  OT1/cmss/bx/n --> TU/lmss/b/n on input line 43.
LaTeX Font Info:    Overwriting math alphabet `\mathtt' in version `bold'
(Font)                  OT1/cmtt/m/n --> TU/lmtt/b/n on input line 43.

*geometry* driver: auto-detecting
*geometry* detected driver: xetex
*geometry* verbose mode - [ preamble ] result:
* driver: xetex
* paper: a4paper
* layout: <same size as paper>
* layoutoffset:(h,v)=(0.0pt,0.0pt)
* modes: 
* h-part:(L,W,R)=(64.01869pt, 470.89322pt, 62.59596pt)
* v-part:(T,H,B)=(35.0pt, 708.6402pt, 101.40665pt)
* \paperwidth=597.50787pt
* \paperheight=845.04684pt
* \textwidth=470.89322pt
* \textheight=708.6402pt
* \oddsidemargin=-8.2513pt
* \evensidemargin=-8.2513pt
* \topmargin=-74.67pt
* \headheight=40.0pt
* \headsep=20.40001pt
* \topskip=11.0pt
* \footskip=60.0pt
* \marginparwidth=59.7508pt
* \marginparsep=12.8401pt
* \columnsep=10.0pt
* \skip\footins=10.0pt plus 4.0pt minus 2.0pt
* \hoffset=0.0pt
* \voffset=0.0pt
* \mag=1000
* \@twocolumnfalse
* \@twosidefalse
* \@mparswitchfalse
* \@reversemarginfalse
* (1in=72.27pt=25.4mm, 1cm=28.453pt)

\AtBeginShipoutBox=\box113
Package hyperref Info: Link coloring ON on input line 43.
(/usr/local/texlive/2020/texmf-dist/tex/latex/hyperref/nameref.sty
Package: nameref 2019/09/16 v2.46 Cross-referencing by name of section

(/usr/local/texlive/2020/texmf-dist/tex/latex/refcount/refcount.sty
Package: refcount 2019/12/15 v3.6 Data extraction from label references (HO)
)
(/usr/local/texlive/2020/texmf-dist/tex/generic/gettitlestring/gettitlestring.s
ty
Package: gettitlestring 2019/12/15 v1.6 Cleanup title references (HO)
)
\c@section@level=\count312
)
LaTeX Info: Redefining \ref on input line 43.
LaTeX Info: Redefining \pageref on input line 43.
LaTeX Info: Redefining \nameref on input line 43.
 (./svf.out) (./svf.out)
\@outlinefile=\write4
\openout4 = `svf.out'.

Class scrartcl Info: loading recommended package `bookmark'.
(scrartcl)           Using `bookmark' together with `hyperref' is recommended,
(scrartcl)           because of handling of possible bookmark level gaps.
(scrartcl)           You can avoid loading `bookmark' with KOMA-Script option
(scrartcl)           `bookmarkpackage=false' before \begin{document} and
(scrartcl)           you can avoid this message adding:
(scrartcl)             \usepackage{bookmark}
(scrartcl)           before \begin{document} on input line 43.

(/usr/local/texlive/2020/texmf-dist/tex/latex/bookmark/bookmark.sty
Package: bookmark 2019/12/03 v1.28 PDF bookmarks (HO)

(/usr/local/texlive/2020/texmf-dist/tex/latex/bookmark/bkm-dvipdfm.def
File: bkm-dvipdfm.def 2019/12/03 v1.28 bookmark driver for dvipdfm (HO)
\BKM@id=\count313
))
ABD: EveryShipout initializing macros

Package fontspec Info: Could not resolve font "Josefin Sans/BI" (it probably
(fontspec)             doesn't exist).


Package fontspec Info: Could not resolve font "Josefin Sans/B" (it probably
(fontspec)             doesn't exist).


Package fontspec Info: Could not resolve font "Josefin Sans/I" (it probably
(fontspec)             doesn't exist).


Package fontspec Info: Font family 'JosefinSans(0)' created for font 'Josefin
(fontspec)             Sans' with options [Ligatures=TeX].
(fontspec)              
(fontspec)              This font family consists of the following NFSS
(fontspec)             series/shapes:
(fontspec)              
(fontspec)             - 'normal' (m/n) with NFSS spec.: <->"Josefin
(fontspec)             Sans/OT:script=latn;language=dflt;mapping=tex-text;"
(fontspec)             - 'small caps'  (m/sc) with NFSS spec.: 

 (./svf.toc)
\tf@toc=\write5
\openout5 = `svf.toc'.

LaTeX Font Info:    External font `cmex10' loaded for size
(Font)              <7> on input line 61.
LaTeX Font Info:    External font `cmex10' loaded for size
(Font)              <5> on input line 61.

Overfull \hbox (31.04622pt too wide) in paragraph at lines 66--66
\TU/JosefinSans(0)/m/n/10 /Users/chaix/Hedera/GIT/XLSform2PDF/output/svf/svf$[]
$study$[]$2021$[]$cleaned.csv 
 []

File: /Users/chaix/Hedera/GIT/XLSform2PDF/code/assets/HEDERA.png Graphic file (
type bmp)
</Users/chaix/Hedera/GIT/XLSform2PDF/code/assets/HEDERA.png>
(/usr/local/texlive/2020/texmf-dist/tex/generic/stringenc/se-ascii-print.def
File: se-ascii-print.def 2019/11/29 v1.12 stringenc: Printable ASCII characters

)
[1

]
LaTeX Font Info:    External font `cmex10' loaded for size
(Font)              <10.95> on input line 75.
LaTeX Font Info:    External font `cmex10' loaded for size
(Font)              <8> on input line 75.
LaTeX Font Info:    External font `cmex10' loaded for size
(Font)              <6> on input line 75.

Underfull \hbox (badness 10000) in paragraph at lines 72--84

 []


Underfull \hbox (badness 10000) in paragraph at lines 85--94

 []

File: /Users/chaix/Hedera/GIT/XLSform2PDF/code/assets/HEDERA.png Graphic file (
type bmp)
</Users/chaix/Hedera/GIT/XLSform2PDF/code/assets/HEDERA.png>
[2]
Underfull \hbox (badness 10000) in paragraph at lines 96--106

 []


Underfull \hbox (badness 10000) in paragraph at lines 107--110

 []


Underfull \hbox (badness 10000) in paragraph at lines 107--110

 []


Underfull \hbox (badness 10000) in paragraph at lines 111--126

 []


Underfull \hbox (badness 10000) in paragraph at lines 127--146

 []


Underfull \hbox (badness 10000) in paragraph at lines 127--146

 []


Underfull \hbox (badness 10000) in paragraph at lines 148--161

 []


Underfull \hbox (badness 10000) in paragraph at lines 148--161

 []

File: /Users/chaix/Hedera/GIT/XLSform2PDF/code/assets/HEDERA.png Graphic file (
type bmp)
</Users/chaix/Hedera/GIT/XLSform2PDF/code/assets/HEDERA.png>
[3]
Underfull \hbox (badness 10000) in paragraph at lines 163--184

 []


Underfull \hbox (badness 10000) in paragraph at lines 185--188

 []


Underfull \hbox (badness 10000) in paragraph at lines 185--188

 []


Underfull \hbox (badness 10000) in paragraph at lines 189--206

 []

File: /Users/chaix/Hedera/GIT/XLSform2PDF/code/assets/HEDERA.png Graphic file (
type bmp)
</Users/chaix/Hedera/GIT/XLSform2PDF/code/assets/HEDERA.png>
[4]
Underfull \hbox (badness 10000) in paragraph at lines 207--209

 []


Underfull \hbox (badness 10000) in paragraph at lines 210--220

 []


Underfull \hbox (badness 10000) in paragraph at lines 221--230

 []


Underfull \hbox (badness 10000) in paragraph at lines 231--256

 []


Underfull \hbox (badness 10000) in paragraph at lines 231--256

 []

File: /Users/chaix/Hedera/GIT/XLSform2PDF/code/assets/HEDERA.png Graphic file (
type bmp)
</Users/chaix/Hedera/GIT/XLSform2PDF/code/assets/HEDERA.png>
[5]
Underfull \hbox (badness 10000) in paragraph at lines 258--275

 []


Underfull \hbox (badness 10000) in paragraph at lines 276--301

 []


Underfull \hbox (badness 10000) in paragraph at lines 276--301

 []


Underfull \hbox (badness 10000) in paragraph at lines 303--314

 []

File: /Users/chaix/Hedera/GIT/XLSform2PDF/code/assets/HEDERA.png Graphic file (
type bmp)
</Users/chaix/Hedera/GIT/XLSform2PDF/code/assets/HEDERA.png>
[6]
Underfull \hbox (badness 10000) in paragraph at lines 315--318

 []


Underfull \hbox (badness 10000) in paragraph at lines 315--318

 []


Underfull \hbox (badness 10000) in paragraph at lines 319--328

 []


Underfull \hbox (badness 10000) in paragraph at lines 329--344

 []


Underfull \hbox (badness 10000) in paragraph at lines 345--360

 []


Underfull \hbox (badness 10000) in paragraph at lines 345--360

 []


Underfull \hbox (badness 10000) in paragraph at lines 362--371

 []

File: /Users/chaix/Hedera/GIT/XLSform2PDF/code/assets/HEDERA.png Graphic file (
type bmp)
</Users/chaix/Hedera/GIT/XLSform2PDF/code/assets/HEDERA.png>
[7]
Underfull \hbox (badness 10000) in paragraph at lines 372--387

 []


Underfull \hbox (badness 10000) in paragraph at lines 388--413

 []


Underfull \hbox (badness 10000) in paragraph at lines 388--413

 []


Underfull \hbox (badness 10000) in paragraph at lines 415--428

 []

File: /Users/chaix/Hedera/GIT/XLSform2PDF/code/assets/HEDERA.png Graphic file (
type bmp)
</Users/chaix/Hedera/GIT/XLSform2PDF/code/assets/HEDERA.png>
[8]
Underfull \hbox (badness 10000) in paragraph at lines 429--443

 []


Underfull \hbox (badness 10000) in paragraph at lines 444--469

 []


Underfull \hbox (badness 10000) in paragraph at lines 444--469

 []


Underfull \hbox (badness 10000) in paragraph at lines 471--484

 []

File: /Users/chaix/Hedera/GIT/XLSform2PDF/code/assets/HEDERA.png Graphic file (
type bmp)
</Users/chaix/Hedera/GIT/XLSform2PDF/code/assets/HEDERA.png>
[9]
File: /Users/chaix/Hedera/GIT/XLSform2PDF/output/svf/plots/graph_electricity_av
ailability_day.png Graphic file (type bmp)
</Users/chaix/Hedera/GIT/XLSform2PDF/output/svf/plots/graph_electricity_availab
ility_day.png>

Underfull \hbox (badness 10000) in paragraph at lines 485--502

 []

File: /Users/chaix/Hedera/GIT/XLSform2PDF/output/svf/plots/graph_electricity_av
ailability_evening.png Graphic file (type bmp)
</Users/chaix/Hedera/GIT/XLSform2PDF/output/svf/plots/graph_electricity_availab
ility_evening.png>

Underfull \hbox (badness 10000) in paragraph at lines 504--521

 []

File: /Users/chaix/Hedera/GIT/XLSform2PDF/code/assets/HEDERA.png Graphic file (
type bmp)
</Users/chaix/Hedera/GIT/XLSform2PDF/code/assets/HEDERA.png>
[10]
File: /Users/chaix/Hedera/GIT/XLSform2PDF/output/svf/plots/graph_electricity_re
liability_outages_month_number.png Graphic file (type bmp)
</Users/chaix/Hedera/GIT/XLSform2PDF/output/svf/plots/graph_electricity_reliabi
lity_outages_month_number.png>

Underfull \hbox (badness 10000) in paragraph at lines 523--540

 []


Underfull \hbox (badness 10000) in paragraph at lines 542--553

 []


Underfull \hbox (badness 10000) in paragraph at lines 554--563

 []

File: /Users/chaix/Hedera/GIT/XLSform2PDF/code/assets/HEDERA.png Graphic file (
type bmp)
</Users/chaix/Hedera/GIT/XLSform2PDF/code/assets/HEDERA.png>
[11]
Underfull \hbox (badness 10000) in paragraph at lines 564--577

 []

File: /Users/chaix/Hedera/GIT/XLSform2PDF/code/assets/HEDERA.png Graphic file (
type bmp)
</Users/chaix/Hedera/GIT/XLSform2PDF/code/assets/HEDERA.png>
[12]
Underfull \hbox (badness 10000) in paragraph at lines 579--581

 []


Overfull \hbox (7.99675pt too wide) in paragraph at lines 592--592
[]|\TU/JosefinSans(0)/m/n/10.95 improved_cooking_stove| 
 []


Underfull \hbox (badness 10000) in paragraph at lines 582--598

 []


Underfull \hbox (badness 10000) in paragraph at lines 599--602

 []


Underfull \hbox (badness 10000) in paragraph at lines 599--602

 []


Overfull \hbox (7.99675pt too wide) in paragraph at lines 614--614
[]|\TU/JosefinSans(0)/m/n/10.95 improved_cooking_stove| 
 []


Underfull \hbox (badness 10000) in paragraph at lines 603--620

 []


Underfull \hbox (badness 10000) in paragraph at lines 621--624

 []


Underfull \hbox (badness 10000) in paragraph at lines 621--624

 []

File: /Users/chaix/Hedera/GIT/XLSform2PDF/code/assets/HEDERA.png Graphic file (
type bmp)
</Users/chaix/Hedera/GIT/XLSform2PDF/code/assets/HEDERA.png>
[13]
Underfull \hbox (badness 10000) in paragraph at lines 625--637

 []


Underfull \hbox (badness 10000) in paragraph at lines 638--663

 []


Underfull \hbox (badness 10000) in paragraph at lines 638--663

 []

File: /Users/chaix/Hedera/GIT/XLSform2PDF/output/svf/plots/graph_cooking_times_
per_day.png Graphic file (type bmp)
</Users/chaix/Hedera/GIT/XLSform2PDF/output/svf/plots/graph_cooking_times_per_d
ay.png>

Underfull \hbox (badness 10000) in paragraph at lines 665--681

 []

File: /Users/chaix/Hedera/GIT/XLSform2PDF/code/assets/HEDERA.png Graphic file (
type bmp)
</Users/chaix/Hedera/GIT/XLSform2PDF/code/assets/HEDERA.png>
[14]
Underfull \hbox (badness 10000) in paragraph at lines 683--687

 []


Underfull \hbox (badness 10000) in paragraph at lines 683--687

 []


Underfull \hbox (badness 10000) in paragraph at lines 688--690

 []


Underfull \hbox (badness 10000) in paragraph at lines 691--707

 []


Underfull \hbox (badness 10000) in paragraph at lines 708--711

 []


Underfull \hbox (badness 10000) in paragraph at lines 708--711

 []


Underfull \hbox (badness 10000) in paragraph at lines 712--728

 []

File: /Users/chaix/Hedera/GIT/XLSform2PDF/code/assets/HEDERA.png Graphic file (
type bmp)
</Users/chaix/Hedera/GIT/XLSform2PDF/code/assets/HEDERA.png>
[15]
Underfull \hbox (badness 10000) in paragraph at lines 729--732

 []


Underfull \hbox (badness 10000) in paragraph at lines 729--732

 []


Underfull \hbox (badness 10000) in paragraph at lines 733--749

 []


Underfull \hbox (badness 10000) in paragraph at lines 750--753

 []


Underfull \hbox (badness 10000) in paragraph at lines 750--753

 []


Underfull \hbox (badness 10000) in paragraph at lines 754--758

 []


Underfull \hbox (badness 10000) in paragraph at lines 754--758

 []

File: /Users/chaix/Hedera/GIT/XLSform2PDF/code/assets/HEDERA.png Graphic file (
type bmp)
</Users/chaix/Hedera/GIT/XLSform2PDF/code/assets/HEDERA.png>
[16]
Underfull \hbox (badness 10000) in paragraph at lines 759--761

 []


Underfull \hbox (badness 10000) in paragraph at lines 762--765

 []


Underfull \hbox (badness 10000) in paragraph at lines 762--765

 []


Underfull \hbox (badness 10000) in paragraph at lines 766--770

 []


Underfull \hbox (badness 10000) in paragraph at lines 766--770

 []


Underfull \hbox (badness 10000) in paragraph at lines 771--773

 []


Underfull \hbox (badness 10000) in paragraph at lines 774--776

 []


Underfull \hbox (badness 10000) in paragraph at lines 777--779

 []


Underfull \hbox (badness 10000) in paragraph at lines 780--784

 []


Underfull \hbox (badness 10000) in paragraph at lines 780--784

 []


Underfull \hbox (badness 10000) in paragraph at lines 785--787

 []

File: /Users/chaix/Hedera/GIT/XLSform2PDF/code/assets/HEDERA.png Graphic file (
type bmp)
</Users/chaix/Hedera/GIT/XLSform2PDF/code/assets/HEDERA.png>
[17]
Underfull \hbox (badness 10000) in paragraph at lines 788--792

 []


Underfull \hbox (badness 10000) in paragraph at lines 788--792

 []


Underfull \hbox (badness 10000) in paragraph at lines 793--795

 []


Underfull \hbox (badness 10000) in paragraph at lines 796--800

 []


Underfull \hbox (badness 10000) in paragraph at lines 796--800

 []


Underfull \hbox (badness 10000) in paragraph at lines 801--803

 []


Underfull \hbox (badness 10000) in paragraph at lines 804--808

 []


Underfull \hbox (badness 10000) in paragraph at lines 804--808

 []


Underfull \hbox (badness 10000) in paragraph at lines 809--811

 []


Underfull \hbox (badness 10000) in paragraph at lines 812--816

 []


Underfull \hbox (badness 10000) in paragraph at lines 812--816

 []

File: /Users/chaix/Hedera/GIT/XLSform2PDF/code/assets/HEDERA.png Graphic file (
type bmp)
</Users/chaix/Hedera/GIT/XLSform2PDF/code/assets/HEDERA.png>
[18]
Underfull \hbox (badness 10000) in paragraph at lines 817--819

 []

File: /Users/chaix/Hedera/GIT/XLSform2PDF/output/svf/plots/graph_cooking_fuel_c
harcoal_price.png Graphic file (type bmp)
</Users/chaix/Hedera/GIT/XLSform2PDF/output/svf/plots/graph_cooking_fuel_charco
al_price.png>

Underfull \hbox (badness 10000) in paragraph at lines 820--837

 []


Underfull \hbox (badness 10000) in paragraph at lines 839--860

 []

File: /Users/chaix/Hedera/GIT/XLSform2PDF/code/assets/HEDERA.png Graphic file (
type bmp)
</Users/chaix/Hedera/GIT/XLSform2PDF/code/assets/HEDERA.png>
[19]
Underfull \hbox (badness 10000) in paragraph at lines 861--872

 []

File: /Users/chaix/Hedera/GIT/XLSform2PDF/output/svf/plots/graph_cooking_fuel_w
ood_price.png Graphic file (type bmp)
</Users/chaix/Hedera/GIT/XLSform2PDF/output/svf/plots/graph_cooking_fuel_wood_p
rice.png>

Underfull \hbox (badness 10000) in paragraph at lines 873--890

 []

File: /Users/chaix/Hedera/GIT/XLSform2PDF/code/assets/HEDERA.png Graphic file (
type bmp)
</Users/chaix/Hedera/GIT/XLSform2PDF/code/assets/HEDERA.png>
[20]
Underfull \hbox (badness 10000) in paragraph at lines 892--913

 []


Underfull \hbox (badness 10000) in paragraph at lines 914--916

 []


Underfull \hbox (badness 10000) in paragraph at lines 917--921

 []


Underfull \hbox (badness 10000) in paragraph at lines 917--921

 []


Underfull \hbox (badness 10000) in paragraph at lines 922--924

 []

File: /Users/chaix/Hedera/GIT/XLSform2PDF/code/assets/HEDERA.png Graphic file (
type bmp)
</Users/chaix/Hedera/GIT/XLSform2PDF/code/assets/HEDERA.png>
[21]
Underfull \hbox (badness 10000) in paragraph at lines 925--927

 []


Underfull \hbox (badness 10000) in paragraph at lines 928--932

 []


Underfull \hbox (badness 10000) in paragraph at lines 928--932

 []


Underfull \hbox (badness 10000) in paragraph at lines 933--935

 []


Underfull \hbox (badness 10000) in paragraph at lines 936--938

 []


Underfull \hbox (badness 10000) in paragraph at lines 939--943

 []


Underfull \hbox (badness 10000) in paragraph at lines 939--943

 []


Underfull \hbox (badness 10000) in paragraph at lines 944--946

 []


Underfull \hbox (badness 10000) in paragraph at lines 947--951

 []


Underfull \hbox (badness 10000) in paragraph at lines 947--951

 []


Underfull \hbox (badness 10000) in paragraph at lines 952--954

 []

File: /Users/chaix/Hedera/GIT/XLSform2PDF/code/assets/HEDERA.png Graphic file (
type bmp)
</Users/chaix/Hedera/GIT/XLSform2PDF/code/assets/HEDERA.png>
[22]
Underfull \hbox (badness 10000) in paragraph at lines 955--959

 []


Underfull \hbox (badness 10000) in paragraph at lines 955--959

 []


Underfull \hbox (badness 10000) in paragraph at lines 960--962

 []


Underfull \hbox (badness 10000) in paragraph at lines 963--967

 []


Underfull \hbox (badness 10000) in paragraph at lines 963--967

 []


Underfull \hbox (badness 10000) in paragraph at lines 968--970

 []

File: /Users/chaix/Hedera/GIT/XLSform2PDF/output/svf/plots/graph_cooking_fuel_p
lastic_price.png Graphic file (type bmp)
</Users/chaix/Hedera/GIT/XLSform2PDF/output/svf/plots/graph_cooking_fuel_plasti
c_price.png>

Underfull \hbox (badness 10000) in paragraph at lines 971--988

 []

File: /Users/chaix/Hedera/GIT/XLSform2PDF/code/assets/HEDERA.png Graphic file (
type bmp)
</Users/chaix/Hedera/GIT/XLSform2PDF/code/assets/HEDERA.png>
[23]
Underfull \hbox (badness 10000) in paragraph at lines 990--1011

 []


Underfull \hbox (badness 10000) in paragraph at lines 1012--1025

 []


Underfull \hbox (badness 10000) in paragraph at lines 1026--1051

 []


Underfull \hbox (badness 10000) in paragraph at lines 1026--1051

 []

File: /Users/chaix/Hedera/GIT/XLSform2PDF/code/assets/HEDERA.png Graphic file (
type bmp)
</Users/chaix/Hedera/GIT/XLSform2PDF/code/assets/HEDERA.png>
[24]
Underfull \hbox (badness 10000) in paragraph at lines 1053--1062

 []


Underfull \hbox (badness 10000) in paragraph at lines 1063--1078

 []


Underfull \hbox (badness 10000) in paragraph at lines 1079--1082

 []


Underfull \hbox (badness 10000) in paragraph at lines 1079--1082

 []


Underfull \hbox (badness 10000) in paragraph at lines 1083--1086

 []

File: /Users/chaix/Hedera/GIT/XLSform2PDF/code/assets/HEDERA.png Graphic file (
type bmp)
</Users/chaix/Hedera/GIT/XLSform2PDF/code/assets/HEDERA.png>
[25]
File: /Users/chaix/Hedera/GIT/XLSform2PDF/code/assets/HEDERA.png Graphic file (
type bmp)
</Users/chaix/Hedera/GIT/XLSform2PDF/code/assets/HEDERA.png>
 [26]
Underfull \hbox (badness 2799) in paragraph at lines 1103--1103
[]|\TU/JosefinSans(0)/m/n/10.95 Dug well - Unprotected/uncovered/unlined
 []


Underfull \hbox (badness 10000) in paragraph at lines 1088--1113

 []


Underfull \hbox (badness 10000) in paragraph at lines 1114--1139

 []


Underfull \hbox (badness 10000) in paragraph at lines 1114--1139

 []


Underfull \hbox (badness 2799) in paragraph at lines 1157--1157
[]|\TU/JosefinSans(0)/m/n/10.95 Dug well - Unprotected/uncovered/unlined
 []


Underfull \hbox (badness 10000) in paragraph at lines 1141--1167

 []

File: /Users/chaix/Hedera/GIT/XLSform2PDF/code/assets/HEDERA.png Graphic file (
type bmp)
</Users/chaix/Hedera/GIT/XLSform2PDF/code/assets/HEDERA.png>
[27]
Underfull \hbox (badness 10000) in paragraph at lines 1168--1171

 []


Underfull \hbox (badness 10000) in paragraph at lines 1168--1171

 []


Underfull \hbox (badness 10000) in paragraph at lines 1172--1174

 []


Underfull \hbox (badness 10000) in paragraph at lines 1175--1178

 []


Underfull \hbox (badness 10000) in paragraph at lines 1175--1178

 []


Underfull \hbox (badness 10000) in paragraph at lines 1179--1204

 []


Underfull \hbox (badness 10000) in paragraph at lines 1179--1204

 []

File: /Users/chaix/Hedera/GIT/XLSform2PDF/code/assets/HEDERA.png Graphic file (
type bmp)
</Users/chaix/Hedera/GIT/XLSform2PDF/code/assets/HEDERA.png>
[28]
Underfull \hbox (badness 10000) in paragraph at lines 1206--1215

 []


Underfull \hbox (badness 10000) in paragraph at lines 1216--1229

 []


Underfull \hbox (badness 10000) in paragraph at lines 1230--1249

 []


Underfull \hbox (badness 10000) in paragraph at lines 1230--1249

 []


Underfull \hbox (badness 10000) in paragraph at lines 1251--1261

 []

File: /Users/chaix/Hedera/GIT/XLSform2PDF/code/assets/HEDERA.png Graphic file (
type bmp)
</Users/chaix/Hedera/GIT/XLSform2PDF/code/assets/HEDERA.png>
[29]
Underfull \hbox (badness 10000) in paragraph at lines 1262--1274

 []


Underfull \hbox (badness 10000) in paragraph at lines 1275--1300

 []


Underfull \hbox (badness 10000) in paragraph at lines 1275--1300

 []


Underfull \hbox (badness 10000) in paragraph at lines 1302--1311

 []

File: /Users/chaix/Hedera/GIT/XLSform2PDF/output/svf/plots/graph_water_accessib
ility_collection_time.png Graphic file (type bmp)
</Users/chaix/Hedera/GIT/XLSform2PDF/output/svf/plots/graph_water_accessibility
_collection_time.png>

Underfull \hbox (badness 10000) in paragraph at lines 1312--1329

 []

File: /Users/chaix/Hedera/GIT/XLSform2PDF/code/assets/HEDERA.png Graphic file (
type bmp)
</Users/chaix/Hedera/GIT/XLSform2PDF/code/assets/HEDERA.png>
[30]
Underfull \hbox (badness 10000) in paragraph at lines 1331--1341

 []

File: /Users/chaix/Hedera/GIT/XLSform2PDF/output/svf/plots/graph_water_accessib
ility_collection_trips.png Graphic file (type bmp)
</Users/chaix/Hedera/GIT/XLSform2PDF/output/svf/plots/graph_water_accessibility
_collection_trips.png>

Underfull \hbox (badness 10000) in paragraph at lines 1342--1358

 []

File: /Users/chaix/Hedera/GIT/XLSform2PDF/code/assets/HEDERA.png Graphic file (
type bmp)
</Users/chaix/Hedera/GIT/XLSform2PDF/code/assets/HEDERA.png>
[31]
Underfull \hbox (badness 10000) in paragraph at lines 1360--1369

 []


Underfull \hbox (badness 10000) in paragraph at lines 1370--1391

 []


Underfull \hbox (badness 10000) in paragraph at lines 1392--1402

 []

File: /Users/chaix/Hedera/GIT/XLSform2PDF/code/assets/HEDERA.png Graphic file (
type bmp)
</Users/chaix/Hedera/GIT/XLSform2PDF/code/assets/HEDERA.png>
[32]
Underfull \hbox (badness 10000) in paragraph at lines 1403--1415

 []


Underfull \hbox (badness 10000) in paragraph at lines 1416--1429

 []

File: /Users/chaix/Hedera/GIT/XLSform2PDF/output/svf/plots/graph_water_availabi
lity_storage_tank_capacity.png Graphic file (type bmp)
</Users/chaix/Hedera/GIT/XLSform2PDF/output/svf/plots/graph_water_availability_
storage_tank_capacity.png>

Underfull \hbox (badness 10000) in paragraph at lines 1430--1446

 []

File: /Users/chaix/Hedera/GIT/XLSform2PDF/code/assets/HEDERA.png Graphic file (
type bmp)
</Users/chaix/Hedera/GIT/XLSform2PDF/code/assets/HEDERA.png>
[33]
File: /Users/chaix/Hedera/GIT/XLSform2PDF/output/svf/plots/graph_water_availabi
lity_storage_tank_filtered.png Graphic file (type bmp)
</Users/chaix/Hedera/GIT/XLSform2PDF/output/svf/plots/graph_water_availability_
storage_tank_filtered.png>

Underfull \hbox (badness 10000) in paragraph at lines 1448--1464

 []


Underfull \hbox (badness 10000) in paragraph at lines 1466--1476

 []


Underfull \hbox (badness 10000) in paragraph at lines 1477--1479

 []

File: /Users/chaix/Hedera/GIT/XLSform2PDF/code/assets/HEDERA.png Graphic file (
type bmp)
</Users/chaix/Hedera/GIT/XLSform2PDF/code/assets/HEDERA.png>
[34]
Underfull \hbox (badness 10000) in paragraph at lines 1480--1489

 []


Underfull \hbox (badness 10000) in paragraph at lines 1490--1492

 []


Underfull \hbox (badness 10000) in paragraph at lines 1493--1503

 []


Underfull \hbox (badness 10000) in paragraph at lines 1504--1520

 []


Underfull \hbox (badness 10000) in paragraph at lines 1521--1546

 []


Underfull \hbox (badness 10000) in paragraph at lines 1521--1546

 []

File: /Users/chaix/Hedera/GIT/XLSform2PDF/code/assets/HEDERA.png Graphic file (
type bmp)
</Users/chaix/Hedera/GIT/XLSform2PDF/code/assets/HEDERA.png>
[35]
Underfull \hbox (badness 10000) in paragraph at lines 1548--1573

 []


Underfull \hbox (badness 10000) in paragraph at lines 1574--1599

 []


Underfull \hbox (badness 10000) in paragraph at lines 1574--1599

 []

File: /Users/chaix/Hedera/GIT/XLSform2PDF/code/assets/HEDERA.png Graphic file (
type bmp)
</Users/chaix/Hedera/GIT/XLSform2PDF/code/assets/HEDERA.png>
[36]
Underfull \hbox (badness 10000) in paragraph at lines 1601--1613

 []


Underfull \hbox (badness 10000) in paragraph at lines 1614--1639

 []


Underfull \hbox (badness 10000) in paragraph at lines 1614--1639

 []


Underfull \hbox (badness 10000) in paragraph at lines 1641--1643

 []


Underfull \hbox (badness 10000) in paragraph at lines 1644--1656

 []

File: /Users/chaix/Hedera/GIT/XLSform2PDF/code/assets/HEDERA.png Graphic file (
type bmp)
</Users/chaix/Hedera/GIT/XLSform2PDF/code/assets/HEDERA.png>
[37]
Underfull \hbox (badness 10000) in paragraph at lines 1657--1659

 []


Underfull \hbox (badness 10000) in paragraph at lines 1660--1663

 []


Underfull \hbox (badness 10000) in paragraph at lines 1660--1663

 []


Underfull \hbox (badness 10000) in paragraph at lines 1664--1674

 []


Underfull \hbox (badness 10000) in paragraph at lines 1675--1685

 []


Underfull \hbox (badness 10000) in paragraph at lines 1693--1693
[]|\TU/JosefinSans(0)/m/n/10.95 Distance/barriers prevent members from
 []


Underfull \hbox (badness 10000) in paragraph at lines 1686--1698

 []

File: /Users/chaix/Hedera/GIT/XLSform2PDF/code/assets/HEDERA.png Graphic file (
type bmp)
</Users/chaix/Hedera/GIT/XLSform2PDF/code/assets/HEDERA.png>
[38]
Underfull \hbox (badness 10000) in paragraph at lines 1699--1714

 []


Underfull \hbox (badness 10000) in paragraph at lines 1699--1714

 []


Underfull \hbox (badness 10000) in paragraph at lines 1716--1741

 []


Underfull \hbox (badness 10000) in paragraph at lines 1716--1741

 []


Underfull \hbox (badness 10000) in paragraph at lines 1743--1753

 []

File: /Users/chaix/Hedera/GIT/XLSform2PDF/code/assets/HEDERA.png Graphic file (
type bmp)
</Users/chaix/Hedera/GIT/XLSform2PDF/code/assets/HEDERA.png>
[39]
Underfull \hbox (badness 10000) in paragraph at lines 1754--1766

 []


Underfull \hbox (badness 10000) in paragraph at lines 1767--1778

 []


Underfull \hbox (badness 10000) in paragraph at lines 1779--1796

 []


Underfull \hbox (badness 10000) in paragraph at lines 1797--1822

 []


Underfull \hbox (badness 10000) in paragraph at lines 1797--1822

 []

File: /Users/chaix/Hedera/GIT/XLSform2PDF/code/assets/HEDERA.png Graphic file (
type bmp)
</Users/chaix/Hedera/GIT/XLSform2PDF/code/assets/HEDERA.png>
[40]
Underfull \hbox (badness 10000) in paragraph at lines 1824--1835

 []


Underfull \hbox (badness 10000) in paragraph at lines 1836--1861

 []


Underfull \hbox (badness 10000) in paragraph at lines 1836--1861

 []


Underfull \hbox (badness 10000) in paragraph at lines 1872--1872
[]|\TU/JosefinSans(0)/m/n/10.95 Disposed of directly in street/open
 []


Underfull \hbox (badness 10000) in paragraph at lines 1863--1876

 []

File: /Users/chaix/Hedera/GIT/XLSform2PDF/code/assets/HEDERA.png Graphic file (
type bmp)
</Users/chaix/Hedera/GIT/XLSform2PDF/code/assets/HEDERA.png>
[41]
Underfull \hbox (badness 10000) in paragraph at lines 1877--1880

 []


Underfull \hbox (badness 10000) in paragraph at lines 1877--1880

 []


Underfull \hbox (badness 10000) in paragraph at lines 1881--1891

 []

File: /Users/chaix/Hedera/GIT/XLSform2PDF/output/svf/plots/graph_sanitation_acc
eptability_shared_toilet_n_hh.png Graphic file (type bmp)
</Users/chaix/Hedera/GIT/XLSform2PDF/output/svf/plots/graph_sanitation_acceptab
ility_shared_toilet_n_hh.png>

Underfull \hbox (badness 10000) in paragraph at lines 1892--1908

 []


Underfull \hbox (badness 10000) in paragraph at lines 1910--1919

 []

File: /Users/chaix/Hedera/GIT/XLSform2PDF/code/assets/HEDERA.png Graphic file (
type bmp)
</Users/chaix/Hedera/GIT/XLSform2PDF/code/assets/HEDERA.png>
[42]
Underfull \hbox (badness 10000) in paragraph at lines 1920--1933

 []


Underfull \hbox (badness 10000) in paragraph at lines 1934--1945

 []


Underfull \hbox (badness 10000) in paragraph at lines 1934--1945

 []


Underfull \hbox (badness 10000) in paragraph at lines 1947--1956

 []


Underfull \hbox (badness 10000) in paragraph at lines 1957--1959

 []


Underfull \hbox (badness 10000) in paragraph at lines 1960--1973

 []

File: /Users/chaix/Hedera/GIT/XLSform2PDF/code/assets/HEDERA.png Graphic file (
type bmp)
</Users/chaix/Hedera/GIT/XLSform2PDF/code/assets/HEDERA.png>
[43]
Underfull \hbox (badness 10000) in paragraph at lines 1974--1989

 []


Underfull \hbox (badness 10000) in paragraph at lines 1974--1989

 []


Underfull \hbox (badness 10000) in paragraph at lines 1991--2005

 []


Underfull \hbox (badness 10000) in paragraph at lines 2006--2031

 []


Underfull \hbox (badness 10000) in paragraph at lines 2006--2031

 []

File: /Users/chaix/Hedera/GIT/XLSform2PDF/code/assets/HEDERA.png Graphic file (
type bmp)
</Users/chaix/Hedera/GIT/XLSform2PDF/code/assets/HEDERA.png>
[44]
Underfull \hbox (badness 10000) in paragraph at lines 2033--2043

 []


Underfull \hbox (badness 10000) in paragraph at lines 2044--2053

 []


Underfull \hbox (badness 10000) in paragraph at lines 2054--2066

 []


Underfull \hbox (badness 10000) in paragraph at lines 2067--2070

 []


Underfull \hbox (badness 10000) in paragraph at lines 2067--2070

 []

File: /Users/chaix/Hedera/GIT/XLSform2PDF/code/assets/HEDERA.png Graphic file (
type bmp)
</Users/chaix/Hedera/GIT/XLSform2PDF/code/assets/HEDERA.png>
[45]
Underfull \hbox (badness 10000) in paragraph at lines 2072--2082

 []


Underfull \hbox (badness 10000) in paragraph at lines 2083--2093

 []


Underfull \hbox (badness 10000) in paragraph at lines 2094--2105

 []


Underfull \hbox (badness 10000) in paragraph at lines 2106--2116

 []


Underfull \hbox (badness 10000) in paragraph at lines 2117--2127

 []

File: /Users/chaix/Hedera/GIT/XLSform2PDF/code/assets/HEDERA.png Graphic file (
type bmp)
</Users/chaix/Hedera/GIT/XLSform2PDF/code/assets/HEDERA.png>
[46]
Underfull \hbox (badness 10000) in paragraph at lines 2128--2138

 []


Underfull \hbox (badness 10000) in paragraph at lines 2139--2149

 []


Underfull \hbox (badness 10000) in paragraph at lines 2150--2160

 []


Underfull \hbox (badness 10000) in paragraph at lines 2161--2171

 []


Underfull \hbox (badness 10000) in paragraph at lines 2172--2182

 []

File: /Users/chaix/Hedera/GIT/XLSform2PDF/code/assets/HEDERA.png Graphic file (
type bmp)
</Users/chaix/Hedera/GIT/XLSform2PDF/code/assets/HEDERA.png>
[47]
Underfull \hbox (badness 10000) in paragraph at lines 2183--2193

 []


Underfull \hbox (badness 10000) in paragraph at lines 2194--2204

 []


Underfull \hbox (badness 10000) in paragraph at lines 2205--2215

 []


Underfull \hbox (badness 10000) in paragraph at lines 2216--2226

 []


Underfull \hbox (badness 10000) in paragraph at lines 2227--2237

 []

File: /Users/chaix/Hedera/GIT/XLSform2PDF/code/assets/HEDERA.png Graphic file (
type bmp)
</Users/chaix/Hedera/GIT/XLSform2PDF/code/assets/HEDERA.png>
[48]
Underfull \hbox (badness 10000) in paragraph at lines 2238--2248

 []


Underfull \hbox (badness 10000) in paragraph at lines 2249--2275

 []


Underfull \hbox (badness 10000) in paragraph at lines 2249--2275

 []


Underfull \hbox (badness 10000) in paragraph at lines 2277--2287

 []


Underfull \hbox (badness 10000) in paragraph at lines 2288--2298

 []

File: /Users/chaix/Hedera/GIT/XLSform2PDF/code/assets/HEDERA.png Graphic file (
type bmp)
</Users/chaix/Hedera/GIT/XLSform2PDF/code/assets/HEDERA.png>
[49]
Underfull \hbox (badness 10000) in paragraph at lines 2299--2325

 []


Underfull \hbox (badness 10000) in paragraph at lines 2299--2325

 []


Underfull \hbox (badness 10000) in paragraph at lines 2327--2337

 []


Underfull \hbox (badness 10000) in paragraph at lines 2338--2348

 []


Underfull \hbox (badness 10000) in paragraph at lines 2349--2375

 []


Underfull \hbox (badness 10000) in paragraph at lines 2349--2375

 []

File: /Users/chaix/Hedera/GIT/XLSform2PDF/code/assets/HEDERA.png Graphic file (
type bmp)
</Users/chaix/Hedera/GIT/XLSform2PDF/code/assets/HEDERA.png>
[50]
File: /Users/chaix/Hedera/GIT/XLSform2PDF/code/assets/HEDERA.png Graphic file (
type bmp)
</Users/chaix/Hedera/GIT/XLSform2PDF/code/assets/HEDERA.png>
 [51]
Underfull \hbox (badness 10000) in paragraph at lines 2378--2387

 []


Underfull \hbox (badness 10000) in paragraph at lines 2388--2397

 []


Underfull \hbox (badness 10000) in paragraph at lines 2398--2407

 []


Underfull \hbox (badness 10000) in paragraph at lines 2408--2417

 []


Underfull \hbox (badness 10000) in paragraph at lines 2418--2427

 []

File: /Users/chaix/Hedera/GIT/XLSform2PDF/code/assets/HEDERA.png Graphic file (
type bmp)
</Users/chaix/Hedera/GIT/XLSform2PDF/code/assets/HEDERA.png>
[52]
Underfull \hbox (badness 10000) in paragraph at lines 2428--2437

 []


Underfull \hbox (badness 10000) in paragraph at lines 2438--2447

 []


Underfull \hbox (badness 10000) in paragraph at lines 2448--2457

 []


Underfull \hbox (badness 10000) in paragraph at lines 2458--2467

 []


Underfull \hbox (badness 10000) in paragraph at lines 2468--2477

 []

File: /Users/chaix/Hedera/GIT/XLSform2PDF/code/assets/HEDERA.png Graphic file (
type bmp)
</Users/chaix/Hedera/GIT/XLSform2PDF/code/assets/HEDERA.png>
[53]
Underfull \hbox (badness 10000) in paragraph at lines 2478--2487

 []


Underfull \hbox (badness 10000) in paragraph at lines 2488--2497

 []


Underfull \hbox (badness 10000) in paragraph at lines 2498--2507

 []


Underfull \hbox (badness 10000) in paragraph at lines 2508--2517

 []


Underfull \hbox (badness 10000) in paragraph at lines 2518--2527

 []

File: /Users/chaix/Hedera/GIT/XLSform2PDF/code/assets/HEDERA.png Graphic file (
type bmp)
</Users/chaix/Hedera/GIT/XLSform2PDF/code/assets/HEDERA.png>
[54]
File: /Users/chaix/Hedera/GIT/XLSform2PDF/code/assets/HEDERA.png Graphic file (
type bmp)
</Users/chaix/Hedera/GIT/XLSform2PDF/code/assets/HEDERA.png>
 [55]
Underfull \hbox (badness 10000) in paragraph at lines 2529--2540

 []


Underfull \hbox (badness 10000) in paragraph at lines 2541--2553

 []


Underfull \hbox (badness 10000) in paragraph at lines 2554--2567

 []


Underfull \hbox (badness 10000) in paragraph at lines 2568--2593

 []


Underfull \hbox (badness 10000) in paragraph at lines 2568--2593

 []

File: /Users/chaix/Hedera/GIT/XLSform2PDF/code/assets/HEDERA.png Graphic file (
type bmp)
</Users/chaix/Hedera/GIT/XLSform2PDF/code/assets/HEDERA.png>
[56]
Underfull \hbox (badness 10000) in paragraph at lines 2595--2612

 []


Underfull \hbox (badness 10000) in paragraph at lines 2613--2638

 []


Underfull \hbox (badness 10000) in paragraph at lines 2613--2638

 []


Underfull \hbox (badness 10000) in paragraph at lines 2640--2649

 []

File: /Users/chaix/Hedera/GIT/XLSform2PDF/code/assets/HEDERA.png Graphic file (
type bmp)
</Users/chaix/Hedera/GIT/XLSform2PDF/code/assets/HEDERA.png>
[57]
File: /Users/chaix/Hedera/GIT/XLSform2PDF/output/svf/plots/graph_household_scho
ol_years.png Graphic file (type bmp)
</Users/chaix/Hedera/GIT/XLSform2PDF/output/svf/plots/graph_household_school_ye
ars.png>

Underfull \hbox (badness 10000) in paragraph at lines 2650--2666

 []


Underfull \hbox (badness 10000) in paragraph at lines 2668--2693

 []


Underfull \hbox (badness 10000) in paragraph at lines 2668--2693

 []


Underfull \hbox (badness 10000) in paragraph at lines 2695--2704

 []

File: /Users/chaix/Hedera/GIT/XLSform2PDF/code/assets/HEDERA.png Graphic file (
type bmp)
</Users/chaix/Hedera/GIT/XLSform2PDF/code/assets/HEDERA.png>
[58]
Underfull \hbox (badness 10000) in paragraph at lines 2705--2714

 []


Underfull \hbox (badness 10000) in paragraph at lines 2715--2730

 []


Underfull \hbox (badness 10000) in paragraph at lines 2731--2746

 []


Underfull \hbox (badness 10000) in paragraph at lines 2731--2746

 []

File: /Users/chaix/Hedera/GIT/XLSform2PDF/output/svf/plots/graph_household_size
.png Graphic file (type bmp)
</Users/chaix/Hedera/GIT/XLSform2PDF/output/svf/plots/graph_household_size.png>


Underfull \hbox (badness 10000) in paragraph at lines 2748--2764

 []

File: /Users/chaix/Hedera/GIT/XLSform2PDF/code/assets/HEDERA.png Graphic file (
type bmp)
</Users/chaix/Hedera/GIT/XLSform2PDF/code/assets/HEDERA.png>
[59]
File: /Users/chaix/Hedera/GIT/XLSform2PDF/output/svf/plots/graph_household_men.
png Graphic file (type bmp)
</Users/chaix/Hedera/GIT/XLSform2PDF/output/svf/plots/graph_household_men.png>

Underfull \hbox (badness 10000) in paragraph at lines 2766--2782

 []

File: /Users/chaix/Hedera/GIT/XLSform2PDF/output/svf/plots/graph_household_wome
n.png Graphic file (type bmp)
</Users/chaix/Hedera/GIT/XLSform2PDF/output/svf/plots/graph_household_women.png
>

Underfull \hbox (badness 10000) in paragraph at lines 2784--2800

 []

File: /Users/chaix/Hedera/GIT/XLSform2PDF/code/assets/HEDERA.png Graphic file (
type bmp)
</Users/chaix/Hedera/GIT/XLSform2PDF/code/assets/HEDERA.png>
[60]
File: /Users/chaix/Hedera/GIT/XLSform2PDF/output/svf/plots/graph_household_adol
escent.png Graphic file (type bmp)
</Users/chaix/Hedera/GIT/XLSform2PDF/output/svf/plots/graph_household_adolescen
t.png>

Underfull \hbox (badness 10000) in paragraph at lines 2802--2818

 []

File: /Users/chaix/Hedera/GIT/XLSform2PDF/output/svf/plots/graph_household_chil
dren.png Graphic file (type bmp)
</Users/chaix/Hedera/GIT/XLSform2PDF/output/svf/plots/graph_household_children.
png>

Underfull \hbox (badness 10000) in paragraph at lines 2820--2836

 []

File: /Users/chaix/Hedera/GIT/XLSform2PDF/code/assets/HEDERA.png Graphic file (
type bmp)
</Users/chaix/Hedera/GIT/XLSform2PDF/code/assets/HEDERA.png>
[61]
File: /Users/chaix/Hedera/GIT/XLSform2PDF/output/svf/plots/graph_household_smal
l_children.png Graphic file (type bmp)
</Users/chaix/Hedera/GIT/XLSform2PDF/output/svf/plots/graph_household_small_chi
ldren.png>

Underfull \hbox (badness 10000) in paragraph at lines 2838--2854

 []


Underfull \hbox (badness 10000) in paragraph at lines 2856--2866

 []

File: /Users/chaix/Hedera/GIT/XLSform2PDF/output/svf/plots/graph_household_room
s.png Graphic file (type bmp)
</Users/chaix/Hedera/GIT/XLSform2PDF/output/svf/plots/graph_household_rooms.png
>

Underfull \hbox (badness 10000) in paragraph at lines 2867--2883

 []

File: /Users/chaix/Hedera/GIT/XLSform2PDF/code/assets/HEDERA.png Graphic file (
type bmp)
</Users/chaix/Hedera/GIT/XLSform2PDF/code/assets/HEDERA.png>
[62]
Underfull \hbox (badness 10000) in paragraph at lines 2891--2891
[]|\TU/JosefinSans(0)/m/n/10.95 Agriculture (Crop, Vegetables, Livestock,
 []


Underfull \hbox (badness 10000) in paragraph at lines 2885--2908

 []


Underfull \hbox (badness 10000) in paragraph at lines 2909--2934

 []


Underfull \hbox (badness 10000) in paragraph at lines 2909--2934

 []

File: /Users/chaix/Hedera/GIT/XLSform2PDF/code/assets/HEDERA.png Graphic file (
type bmp)
</Users/chaix/Hedera/GIT/XLSform2PDF/code/assets/HEDERA.png>
[63]
Underfull \hbox (badness 10000) in paragraph at lines 2936--2948

 []


Underfull \hbox (badness 10000) in paragraph at lines 2949--2974

 []


Underfull \hbox (badness 10000) in paragraph at lines 2949--2974

 []

File: /Users/chaix/Hedera/GIT/XLSform2PDF/output/svf/plots/graph_household_work
ing_female.png Graphic file (type bmp)
</Users/chaix/Hedera/GIT/XLSform2PDF/output/svf/plots/graph_household_working_f
emale.png>

Underfull \hbox (badness 10000) in paragraph at lines 2976--2992

 []

File: /Users/chaix/Hedera/GIT/XLSform2PDF/code/assets/HEDERA.png Graphic file (
type bmp)
</Users/chaix/Hedera/GIT/XLSform2PDF/code/assets/HEDERA.png>
[64]
File: /Users/chaix/Hedera/GIT/XLSform2PDF/output/svf/plots/graph_household_work
ing_male.png Graphic file (type bmp)
</Users/chaix/Hedera/GIT/XLSform2PDF/output/svf/plots/graph_household_working_m
ale.png>

Underfull \hbox (badness 10000) in paragraph at lines 2994--3010

 []


Underfull \hbox (badness 10000) in paragraph at lines 3012--3025

 []


Underfull \hbox (badness 10000) in paragraph at lines 3026--3038

 []

File: /Users/chaix/Hedera/GIT/XLSform2PDF/code/assets/HEDERA.png Graphic file (
type bmp)
</Users/chaix/Hedera/GIT/XLSform2PDF/code/assets/HEDERA.png>
[65]
Underfull \hbox (badness 10000) in paragraph at lines 3039--3064

 []


Underfull \hbox (badness 10000) in paragraph at lines 3039--3064

 []


Underfull \hbox (badness 10000) in paragraph at lines 3066--3079

 []


Underfull \hbox (badness 10000) in paragraph at lines 3080--3095

 []

File: /Users/chaix/Hedera/GIT/XLSform2PDF/code/assets/HEDERA.png Graphic file (
type bmp)
</Users/chaix/Hedera/GIT/XLSform2PDF/code/assets/HEDERA.png>
[66]
Underfull \hbox (badness 10000) in paragraph at lines 3096--3105

 []

File: /Users/chaix/Hedera/GIT/XLSform2PDF/output/svf/plots/graph_assets_cultiva
ted_land_size.png Graphic file (type bmp)
</Users/chaix/Hedera/GIT/XLSform2PDF/output/svf/plots/graph_assets_cultivated_l
and_size.png>

Underfull \hbox (badness 10000) in paragraph at lines 3106--3122

 []


Underfull \hbox (badness 10000) in paragraph at lines 3124--3133

 []

File: /Users/chaix/Hedera/GIT/XLSform2PDF/output/svf/plots/graph_assets_animals
_cows.png Graphic file (type bmp)
</Users/chaix/Hedera/GIT/XLSform2PDF/output/svf/plots/graph_assets_animals_cows
.png>

Underfull \hbox (badness 10000) in paragraph at lines 3134--3150

 []

File: /Users/chaix/Hedera/GIT/XLSform2PDF/code/assets/HEDERA.png Graphic file (
type bmp)
</Users/chaix/Hedera/GIT/XLSform2PDF/code/assets/HEDERA.png>
[67]
File: /Users/chaix/Hedera/GIT/XLSform2PDF/output/svf/plots/graph_assets_animals
_poultry.png Graphic file (type bmp)
</Users/chaix/Hedera/GIT/XLSform2PDF/output/svf/plots/graph_assets_animals_poul
try.png>

Underfull \hbox (badness 10000) in paragraph at lines 3152--3168

 []

File: /Users/chaix/Hedera/GIT/XLSform2PDF/output/svf/plots/graph_assets_animals
_sheepsgoats.png Graphic file (type bmp)
</Users/chaix/Hedera/GIT/XLSform2PDF/output/svf/plots/graph_assets_animals_shee
psgoats.png>

Underfull \hbox (badness 10000) in paragraph at lines 3170--3186

 []

File: /Users/chaix/Hedera/GIT/XLSform2PDF/code/assets/HEDERA.png Graphic file (
type bmp)
</Users/chaix/Hedera/GIT/XLSform2PDF/code/assets/HEDERA.png>
[68]
File: /Users/chaix/Hedera/GIT/XLSform2PDF/output/svf/plots/graph_assets_animals
_pigs.png Graphic file (type bmp)
</Users/chaix/Hedera/GIT/XLSform2PDF/output/svf/plots/graph_assets_animals_pigs
.png>

Underfull \hbox (badness 10000) in paragraph at lines 3188--3204

 []

File: /Users/chaix/Hedera/GIT/XLSform2PDF/output/svf/plots/graph_assets_animals
_rabbits.png Graphic file (type bmp)
</Users/chaix/Hedera/GIT/XLSform2PDF/output/svf/plots/graph_assets_animals_rabb
its.png>

Underfull \hbox (badness 10000) in paragraph at lines 3206--3222

 []

File: /Users/chaix/Hedera/GIT/XLSform2PDF/code/assets/HEDERA.png Graphic file (
type bmp)
</Users/chaix/Hedera/GIT/XLSform2PDF/code/assets/HEDERA.png>
[69]
File: /Users/chaix/Hedera/GIT/XLSform2PDF/output/svf/plots/graph_assets_other_a
nimal.png Graphic file (type bmp)
</Users/chaix/Hedera/GIT/XLSform2PDF/output/svf/plots/graph_assets_other_animal
.png>

Underfull \hbox (badness 10000) in paragraph at lines 3224--3240

 []


Underfull \hbox (badness 10000) in paragraph at lines 3242--3253

 []


Underfull \hbox (badness 10000) in paragraph at lines 3242--3253

 []

File: /Users/chaix/Hedera/GIT/XLSform2PDF/code/assets/HEDERA.png Graphic file (
type bmp)
</Users/chaix/Hedera/GIT/XLSform2PDF/code/assets/HEDERA.png>
[70]
File: /Users/chaix/Hedera/GIT/XLSform2PDF/code/assets/HEDERA.png Graphic file (
type bmp)
</Users/chaix/Hedera/GIT/XLSform2PDF/code/assets/HEDERA.png>
 [71]
Underfull \hbox (badness 10000) in paragraph at lines 3256--3275

 []


Underfull \hbox (badness 10000) in paragraph at lines 3276--3291

 []


Underfull \hbox (badness 10000) in paragraph at lines 3292--3307

 []

File: /Users/chaix/Hedera/GIT/XLSform2PDF/code/assets/HEDERA.png Graphic file (
type bmp)
</Users/chaix/Hedera/GIT/XLSform2PDF/code/assets/HEDERA.png>
[72]
Underfull \hbox (badness 10000) in paragraph at lines 3308--3323

 []

File: /Users/chaix/Hedera/GIT/XLSform2PDF/code/assets/HEDERA.png Graphic file (
type bmp)
</Users/chaix/Hedera/GIT/XLSform2PDF/code/assets/HEDERA.png>
[73]
Package atveryend Info: Empty hook `BeforeClearDocument' on input line 3323.
Package atveryend Info: Empty hook `AfterLastShipout' on input line 3323.
 (./svf.aux)
Package atveryend Info: Empty hook `AtVeryEndDocument' on input line 3323.
Package atveryend Info: Executing hook `AtEndAfterFileList' on input line 3323.

Package rerunfilecheck Info: File `svf.out' has not changed.
(rerunfilecheck)             Checksum: D41D8CD98F00B204E9800998ECF8427E;0.


LaTeX Warning: There were multiply-defined labels.

Package atveryend Info: Empty hook `AtVeryVeryEnd' on input line 3323.
 ) 
Here is how much of TeX's memory you used:
 26793 strings out of 479418
 555904 string characters out of 5884585
 968558 words of memory out of 5000000
 43829 multiletter control sequences out of 15000+600000
 535886 words of font info for 52 fonts, out of 8000000 for 9000
 1348 hyphenation exceptions out of 8191
 64i,12n,81p,10125b,1185s stack positions out of 5000i,500n,10000p,200000b,80000s

Output written on svf.pdf (73 pages).
